{"numFailedTestSuites":1,"numFailedTests":1,"numPassedTestSuites":18,"numPassedTests":57,"numPendingTestSuites":0,"numPendingTests":0,"numRuntimeErrorTestSuites":0,"numTodoTests":0,"numTotalTestSuites":19,"numTotalTests":58,"openHandles":[],"snapshot":{"added":0,"didUpdate":false,"failure":false,"filesAdded":0,"filesRemoved":0,"filesRemovedList":[],"filesUnmatched":0,"filesUpdated":0,"matched":0,"total":0,"unchecked":0,"uncheckedKeysByFile":[],"unmatched":0,"updated":0},"startTime":1765656669834,"success":false,"testResults":[{"assertionResults":[{"ancestorTitles":["SettingsComponent (direct instantiation)"],"duration":16,"failing":false,"failureDetails":[],"failureMessages":[],"fullName":"SettingsComponent (direct instantiation) shows panelMessage and updates provider via updateProviderValue","invocations":1,"location":null,"numPassingAsserts":2,"retryReasons":[],"startAt":1765656674207,"status":"passed","title":"shows panelMessage and updates provider via updateProviderValue"},{"ancestorTitles":["SettingsComponent (direct instantiation)"],"duration":10,"failing":false,"failureDetails":[],"failureMessages":[],"fullName":"SettingsComponent (direct instantiation) updateABIValue parses JSON and calls reader.setAbi","invocations":1,"location":null,"numPassingAsserts":2,"retryReasons":[],"startAt":1765656674224,"status":"passed","title":"updateABIValue parses JSON and calls reader.setAbi"},{"ancestorTitles":["SettingsComponent (direct instantiation)"],"duration":3,"failing":false,"failureDetails":[{}],"failureMessages":["TypeError: this.reader.reset is not a function\n    at SettingsComponent.clearTable (/Users/markus/Projects/IntelliJ/ethereum-event-scan/src/app/components/settings/settings.component.ts:393:17)\n    at SettingsComponent.updateContract (/Users/markus/Projects/IntelliJ/ethereum-event-scan/src/app/components/settings/settings.component.ts:399:10)\n    at /Users/markus/Projects/IntelliJ/ethereum-event-scan/src/app/components/settings/settings.component.ts:219:18\n    at UtilsService.<anonymous> (/Users/markus/Projects/IntelliJ/ethereum-event-scan/src/app/components/settings/settings.component.render.spec.ts:49:118)\n    at /Users/markus/Projects/IntelliJ/ethereum-event-scan/node_modules/jest-mock/build/index.js:305:39\n    at UtilsService.<anonymous> (/Users/markus/Projects/IntelliJ/ethereum-event-scan/node_modules/jest-mock/build/index.js:312:13)\n    at UtilsService.mockConstructor (/Users/markus/Projects/IntelliJ/ethereum-event-scan/node_modules/jest-mock/build/index.js:102:19)\n    at SettingsComponent.updateContractValue (/Users/markus/Projects/IntelliJ/ethereum-event-scan/src/app/components/settings/settings.component.ts:217:22)\n    at /Users/markus/Projects/IntelliJ/ethereum-event-scan/src/app/components/settings/settings.component.render.spec.ts:51:10\n    at _ZoneDelegate.apply [as invoke] (/Users/markus/Projects/IntelliJ/ethereum-event-scan/node_modules/zone.js/bundles/zone.umd.js:409:168)\n    at _ProxyZoneSpec.invoke [as onInvoke] (/Users/markus/Projects/IntelliJ/ethereum-event-scan/node_modules/zone.js/bundles/zone-testing.umd.js:1079:43)\n    at _ZoneDelegate.onInvoke [as invoke] (/Users/markus/Projects/IntelliJ/ethereum-event-scan/node_modules/zone.js/bundles/zone.umd.js:409:56)\n    at _ZoneImpl.invoke [as run] (/Users/markus/Projects/IntelliJ/ethereum-event-scan/node_modules/zone.js/bundles/zone.umd.js:162:47)\n    at Object.run (/Users/markus/Projects/IntelliJ/ethereum-event-scan/node_modules/zone.js/bundles/zone-testing.umd.js:407:38)\n    at Promise.finally.completed (/Users/markus/Projects/IntelliJ/ethereum-event-scan/node_modules/jest-circus/build/jestAdapterInit.js:1557:28)\n    at new Promise (<anonymous>)\n    at callAsyncCircusFn (/Users/markus/Projects/IntelliJ/ethereum-event-scan/node_modules/jest-circus/build/jestAdapterInit.js:1497:10)\n    at _callCircusTest (/Users/markus/Projects/IntelliJ/ethereum-event-scan/node_modules/jest-circus/build/jestAdapterInit.js:1007:40)\n    at _runTest (/Users/markus/Projects/IntelliJ/ethereum-event-scan/node_modules/jest-circus/build/jestAdapterInit.js:947:3)\n    at /Users/markus/Projects/IntelliJ/ethereum-event-scan/node_modules/jest-circus/build/jestAdapterInit.js:849:7"],"fullName":"SettingsComponent (direct instantiation) updateContractValue triggers fetchABI branch when provider+contract present and abi empty","invocations":1,"location":null,"numPassingAsserts":0,"retryReasons":[],"startAt":1765656674234,"status":"failed","title":"updateContractValue triggers fetchABI branch when provider+contract present and abi empty"}],"endTime":1765656674288,"message":"\u001b[1m\u001b[31m  \u001b[1m● \u001b[22m\u001b[1mSettingsComponent (direct instantiation) › updateContractValue triggers fetchABI branch when provider+contract present and abi empty\u001b[39m\u001b[22m\n\n    TypeError: this.reader.reset is not a function\n\u001b[2m\u001b[22m\n\u001b[2m    \u001b[0m \u001b[90m 391 |\u001b[39m\u001b[22m\n\u001b[2m     \u001b[90m 392 |\u001b[39m   \u001b[36mprivate\u001b[39m clearTable() {\u001b[22m\n\u001b[2m    \u001b[31m\u001b[1m>\u001b[22m\u001b[2m\u001b[39m\u001b[90m 393 |\u001b[39m     \u001b[36mthis\u001b[39m\u001b[33m.\u001b[39mreader\u001b[33m.\u001b[39mreset()\u001b[33m;\u001b[39m\u001b[22m\n\u001b[2m     \u001b[90m     |\u001b[39m                 \u001b[31m\u001b[1m^\u001b[22m\u001b[2m\u001b[39m\u001b[22m\n\u001b[2m     \u001b[90m 394 |\u001b[39m   }\u001b[22m\n\u001b[2m     \u001b[90m 395 |\u001b[39m\u001b[22m\n\u001b[2m     \u001b[90m 396 |\u001b[39m   \u001b[36mprivate\u001b[39m updateContract(val\u001b[33m:\u001b[39m string) {\u001b[0m\u001b[22m\n\u001b[2m\u001b[22m\n\u001b[2m      \u001b[2mat SettingsComponent.clearTable (\u001b[22m\u001b[2msrc/app/components/settings/settings.component.ts\u001b[2m:393:17)\u001b[22m\u001b[2m\u001b[22m\n\u001b[2m      \u001b[2mat SettingsComponent.updateContract (\u001b[22m\u001b[2msrc/app/components/settings/settings.component.ts\u001b[2m:399:10)\u001b[22m\u001b[2m\u001b[22m\n\u001b[2m      \u001b[2mat \u001b[22m\u001b[2msrc/app/components/settings/settings.component.ts\u001b[2m:219:18\u001b[22m\u001b[2m\u001b[22m\n\u001b[2m      \u001b[2mat UtilsService.<anonymous> (\u001b[22m\u001b[2m\u001b[0m\u001b[36msrc/app/components/settings/settings.component.render.spec.ts\u001b[39m\u001b[0m\u001b[2m:49:118)\u001b[22m\u001b[2m\u001b[22m\n\u001b[2m      \u001b[2mat SettingsComponent.updateContractValue (\u001b[22m\u001b[2msrc/app/components/settings/settings.component.ts\u001b[2m:217:22)\u001b[22m\u001b[2m\u001b[22m\n\u001b[2m      \u001b[2mat \u001b[22m\u001b[2m\u001b[0m\u001b[36msrc/app/components/settings/settings.component.render.spec.ts\u001b[39m\u001b[0m\u001b[2m:51:10\u001b[22m\u001b[2m\u001b[22m\n\u001b[2m      \u001b[2mat _ZoneDelegate.apply [as invoke] (\u001b[22m\u001b[2mnode_modules/zone.js/bundles/zone.umd.js\u001b[2m:409:168)\u001b[22m\u001b[2m\u001b[22m\n\u001b[2m      \u001b[2mat _ProxyZoneSpec.invoke [as onInvoke] (\u001b[22m\u001b[2mnode_modules/zone.js/bundles/zone-testing.umd.js\u001b[2m:1079:43)\u001b[22m\u001b[2m\u001b[22m\n\u001b[2m      \u001b[2mat _ZoneDelegate.onInvoke [as invoke] (\u001b[22m\u001b[2mnode_modules/zone.js/bundles/zone.umd.js\u001b[2m:409:56)\u001b[22m\u001b[2m\u001b[22m\n\u001b[2m      \u001b[2mat _ZoneImpl.invoke [as run] (\u001b[22m\u001b[2mnode_modules/zone.js/bundles/zone.umd.js\u001b[2m:162:47)\u001b[22m\u001b[2m\u001b[22m\n\u001b[2m      \u001b[2mat Object.run (\u001b[22m\u001b[2mnode_modules/zone.js/bundles/zone-testing.umd.js\u001b[2m:407:38)\u001b[22m\u001b[2m\u001b[22m\n","name":"/Users/markus/Projects/IntelliJ/ethereum-event-scan/src/app/components/settings/settings.component.render.spec.ts","startTime":1765656670788,"status":"failed","summary":""},{"assertionResults":[{"ancestorTitles":["ProviderService"],"duration":3,"failing":false,"failureDetails":[],"failureMessages":[],"fullName":"ProviderService setProvider with http should initialize web3 and update status (stubbed)","invocations":1,"location":null,"numPassingAsserts":2,"retryReasons":[],"startAt":1765656674629,"status":"passed","title":"setProvider with http should initialize web3 and update status (stubbed)"},{"ancestorTitles":["ProviderService"],"duration":2,"failing":false,"failureDetails":[],"failureMessages":[],"fullName":"ProviderService setProvider with ws should initialize web3 via websocket (stubbed)","invocations":1,"location":null,"numPassingAsserts":1,"retryReasons":[],"startAt":1765656674633,"status":"passed","title":"setProvider with ws should initialize web3 via websocket (stubbed)"},{"ancestorTitles":["ProviderService"],"duration":1,"failing":false,"failureDetails":[],"failureMessages":[],"fullName":"ProviderService setProvider with invalid url should keep disconnected","invocations":1,"location":null,"numPassingAsserts":2,"retryReasons":[],"startAt":1765656674635,"status":"passed","title":"setProvider with invalid url should keep disconnected"},{"ancestorTitles":["ProviderService"],"duration":2,"failing":false,"failureDetails":[],"failureMessages":[],"fullName":"ProviderService isSyncing should handle sync object (async update)","invocations":1,"location":null,"numPassingAsserts":3,"retryReasons":[],"startAt":1765656674636,"status":"passed","title":"isSyncing should handle sync object (async update)"}],"endTime":1765656674639,"message":"","name":"/Users/markus/Projects/IntelliJ/ethereum-event-scan/src/app/services/provider.service.spec.ts","startTime":1765656674308,"status":"passed","summary":""},{"assertionResults":[{"ancestorTitles":["Reader.getCachedTimestamp with web3"],"duration":30,"failing":false,"failureDetails":[],"failureMessages":[],"fullName":"Reader.getCachedTimestamp with web3 loads block via web3 and updates timestampCache and minerCache","invocations":1,"location":null,"numPassingAsserts":2,"retryReasons":[],"startAt":1765656674966,"status":"passed","title":"loads block via web3 and updates timestampCache and minerCache"}],"endTime":1765656674996,"message":"","name":"/Users/markus/Projects/IntelliJ/ethereum-event-scan/src/app/services/reader.getCachedTimestamp.spec.ts","startTime":1765656674649,"status":"passed","summary":""},{"assertionResults":[{"ancestorTitles":["Event model"],"duration":1,"failing":false,"failureDetails":[],"failureMessages":[],"fullName":"Event model should create and store an EthEvent","invocations":1,"location":null,"numPassingAsserts":2,"retryReasons":[],"startAt":1765656675141,"status":"passed","title":"should create and store an EthEvent"}],"endTime":1765656675143,"message":"","name":"/Users/markus/Projects/IntelliJ/ethereum-event-scan/src/app/models/event.spec.ts","startTime":1765656675009,"status":"passed","summary":""},{"assertionResults":[{"ancestorTitles":["Reader service (unit)"],"duration":1,"failing":false,"failureDetails":[],"failureMessages":[],"fullName":"Reader service (unit) createActiveContract handles empty abiBase64Data gracefully","invocations":1,"location":null,"numPassingAsserts":1,"retryReasons":[],"startAt":1765656675318,"status":"passed","title":"createActiveContract handles empty abiBase64Data gracefully"},{"ancestorTitles":["Reader service (unit)"],"duration":2,"failing":false,"failureDetails":[],"failureMessages":[],"fullName":"Reader service (unit) getCachedTimestamp sets n.a. if no web3","invocations":1,"location":null,"numPassingAsserts":1,"retryReasons":[],"startAt":1765656675319,"status":"passed","title":"getCachedTimestamp sets n.a. if no web3"},{"ancestorTitles":["Reader service (unit)"],"duration":0,"failing":false,"failureDetails":[],"failureMessages":[],"fullName":"Reader service (unit) getCachedMiner triggers timestamp load when missing","invocations":1,"location":null,"numPassingAsserts":2,"retryReasons":[],"startAt":1765656675322,"status":"passed","title":"getCachedMiner triggers timestamp load when missing"},{"ancestorTitles":["Reader service (unit)"],"duration":1,"failing":false,"failureDetails":[],"failureMessages":[],"fullName":"Reader service (unit) readEventsRange handles contractInstance.getPastEvents resolution","invocations":1,"location":null,"numPassingAsserts":2,"retryReasons":[],"startAt":1765656675323,"status":"passed","title":"readEventsRange handles contractInstance.getPastEvents resolution"}],"endTime":1765656675325,"message":"","name":"/Users/markus/Projects/IntelliJ/ethereum-event-scan/src/app/services/reader.service.spec.ts","startTime":1765656675152,"status":"passed","summary":""},{"assertionResults":[{"ancestorTitles":["events-table.tb placeholder"],"duration":1,"failing":false,"failureDetails":[],"failureMessages":[],"fullName":"events-table.tb placeholder noop","invocations":1,"location":null,"numPassingAsserts":1,"retryReasons":[],"startAt":1765656675478,"status":"passed","title":"noop"}],"endTime":1765656675479,"message":"","name":"/Users/markus/Projects/IntelliJ/ethereum-event-scan/src/app/components/events-table/events-table.component.tb.spec.ts","startTime":1765656675346,"status":"passed","summary":""},{"assertionResults":[{"ancestorTitles":["Class: UtilsService","convertTimestamp()"],"duration":1,"failing":false,"failureDetails":[],"failureMessages":[],"fullName":"Class: UtilsService convertTimestamp() get expected 03.11.2019 21:45:41h for 1572813941","invocations":1,"location":null,"numPassingAsserts":1,"retryReasons":[],"startAt":1765656675616,"status":"passed","title":"get expected 03.11.2019 21:45:41h for 1572813941"},{"ancestorTitles":["Class: UtilsService","convertTimestamp()"],"duration":0,"failing":false,"failureDetails":[],"failureMessages":[],"fullName":"Class: UtilsService convertTimestamp() get expected 01.01.1970 01:00:00h for 0","invocations":1,"location":null,"numPassingAsserts":1,"retryReasons":[],"startAt":1765656675618,"status":"passed","title":"get expected 01.01.1970 01:00:00h for 0"},{"ancestorTitles":["Class: UtilsService","truncate()"],"duration":0,"failing":false,"failureDetails":[],"failureMessages":[],"fullName":"Class: UtilsService truncate() get no truncate for (sting.length + 1)","invocations":1,"location":null,"numPassingAsserts":1,"retryReasons":[],"startAt":1765656675618,"status":"passed","title":"get no truncate for (sting.length + 1)"},{"ancestorTitles":["Class: UtilsService","truncate()"],"duration":0,"failing":false,"failureDetails":[],"failureMessages":[],"fullName":"Class: UtilsService truncate() get truncated sting for (string.length)","invocations":1,"location":null,"numPassingAsserts":1,"retryReasons":[],"startAt":1765656675619,"status":"passed","title":"get truncated sting for (string.length)"},{"ancestorTitles":["Class: UtilsService","truncate()"],"duration":1,"failing":false,"failureDetails":[],"failureMessages":[],"fullName":"Class: UtilsService truncate() get truncated sting for 5","invocations":1,"location":null,"numPassingAsserts":1,"retryReasons":[],"startAt":1765656675619,"status":"passed","title":"get truncated sting for 5"},{"ancestorTitles":["Class: UtilsService","truncate()"],"duration":0,"failing":false,"failureDetails":[],"failureMessages":[],"fullName":"Class: UtilsService truncate() get truncated sting for 1","invocations":1,"location":null,"numPassingAsserts":1,"retryReasons":[],"startAt":1765656675620,"status":"passed","title":"get truncated sting for 1"},{"ancestorTitles":["Class: UtilsService","truncate()"],"duration":1,"failing":false,"failureDetails":[],"failureMessages":[],"fullName":"Class: UtilsService truncate() get truncated sting for 0","invocations":1,"location":null,"numPassingAsserts":1,"retryReasons":[],"startAt":1765656675620,"status":"passed","title":"get truncated sting for 0"},{"ancestorTitles":["Class: UtilsService","spaces()"],"duration":0,"failing":false,"failureDetails":[],"failureMessages":[],"fullName":"Class: UtilsService spaces() nothing for empty sting","invocations":1,"location":null,"numPassingAsserts":1,"retryReasons":[],"startAt":1765656675621,"status":"passed","title":"nothing for empty sting"},{"ancestorTitles":["Class: UtilsService","spaces()"],"duration":1,"failing":false,"failureDetails":[],"failureMessages":[],"fullName":"Class: UtilsService spaces() one non braking space for sting with one space","invocations":1,"location":null,"numPassingAsserts":1,"retryReasons":[],"startAt":1765656675621,"status":"passed","title":"one non braking space for sting with one space"},{"ancestorTitles":["Class: UtilsService","spaces()"],"duration":0,"failing":false,"failureDetails":[],"failureMessages":[],"fullName":"Class: UtilsService spaces() two non braking spaces for sting with two spaces","invocations":1,"location":null,"numPassingAsserts":1,"retryReasons":[],"startAt":1765656675622,"status":"passed","title":"two non braking spaces for sting with two spaces"}],"endTime":1765656675623,"message":"","name":"/Users/markus/Projects/IntelliJ/ethereum-event-scan/src/app/services/utils.services.spec.ts","startTime":1765656675488,"status":"passed","summary":""},{"assertionResults":[{"ancestorTitles":["HighlightSearch Pipe"],"duration":1,"failing":false,"failureDetails":[],"failureMessages":[],"fullName":"HighlightSearch Pipe should return original value when args is falsy","invocations":1,"location":null,"numPassingAsserts":2,"retryReasons":[],"startAt":1765656675760,"status":"passed","title":"should return original value when args is falsy"},{"ancestorTitles":["HighlightSearch Pipe"],"duration":0,"failing":false,"failureDetails":[],"failureMessages":[],"fullName":"HighlightSearch Pipe should wrap matches with <mark>","invocations":1,"location":null,"numPassingAsserts":2,"retryReasons":[],"startAt":1765656675762,"status":"passed","title":"should wrap matches with <mark>"}],"endTime":1765656675763,"message":"","name":"/Users/markus/Projects/IntelliJ/ethereum-event-scan/src/app/components/events-table/pipes/highlight-search.pipe.spec.ts","startTime":1765656675631,"status":"passed","summary":""},{"assertionResults":[{"ancestorTitles":["ModalDialogContentComponent full flows"],"duration":12,"failing":false,"failureDetails":[],"failureMessages":[],"fullName":"ModalDialogContentComponent full flows renderBlock sets details and transactions when web3 provides block","invocations":1,"location":null,"numPassingAsserts":4,"retryReasons":[],"startAt":1765656676020,"status":"passed","title":"renderBlock sets details and transactions when web3 provides block"},{"ancestorTitles":["ModalDialogContentComponent full flows"],"duration":2,"failing":false,"failureDetails":[],"failureMessages":[],"fullName":"ModalDialogContentComponent full flows renderTransaction sets details when web3 provides trx and receipt","invocations":1,"location":null,"numPassingAsserts":3,"retryReasons":[],"startAt":1765656676033,"status":"passed","title":"renderTransaction sets details when web3 provides trx and receipt"}],"endTime":1765656676036,"message":"","name":"/Users/markus/Projects/IntelliJ/ethereum-event-scan/src/app/components/modal-dialog/modal-dialog-content.full.spec.ts","startTime":1765656675772,"status":"passed","summary":""},{"assertionResults":[{"ancestorTitles":["ModalDialogContentComponent (unit)"],"duration":3,"failing":false,"failureDetails":[],"failureMessages":[],"fullName":"ModalDialogContentComponent (unit) should instantiate and handle missing reader gracefully","invocations":1,"location":null,"numPassingAsserts":1,"retryReasons":[],"startAt":1765656676262,"status":"passed","title":"should instantiate and handle missing reader gracefully"}],"endTime":1765656676266,"message":"","name":"/Users/markus/Projects/IntelliJ/ethereum-event-scan/src/app/components/modal-dialog/modal-dialog-content.component.spec.ts","startTime":1765656676051,"status":"passed","summary":""},{"assertionResults":[{"ancestorTitles":["ModalDialogComponent (basic)"],"duration":1,"failing":false,"failureDetails":[],"failureMessages":[],"fullName":"ModalDialogComponent (basic) should close dialog","invocations":1,"location":null,"numPassingAsserts":1,"retryReasons":[],"startAt":1765656676561,"status":"passed","title":"should close dialog"},{"ancestorTitles":["ModalDialogComponent (basic)"],"duration":4,"failing":false,"failureDetails":[],"failureMessages":[],"fullName":"ModalDialogComponent (basic) should call onPinStart and call reader & update url (ignore reload)","invocations":1,"location":null,"numPassingAsserts":2,"retryReasons":[],"startAt":1765656676563,"status":"passed","title":"should call onPinStart and call reader & update url (ignore reload)"}],"endTime":1765656676568,"message":"","name":"/Users/markus/Projects/IntelliJ/ethereum-event-scan/src/app/components/modal-dialog/modal-dialog.component.spec.ts","startTime":1765656676278,"status":"passed","summary":""},{"assertionResults":[{"ancestorTitles":["Reader.createActiveContract decoding branches"],"duration":3,"failing":false,"failureDetails":[],"failureMessages":[],"fullName":"Reader.createActiveContract decoding branches handles gzip header via pako.ungzip","invocations":1,"location":null,"numPassingAsserts":2,"retryReasons":[],"startAt":1765656676755,"status":"passed","title":"handles gzip header via pako.ungzip"},{"ancestorTitles":["Reader.createActiveContract decoding branches"],"duration":5,"failing":false,"failureDetails":[],"failureMessages":[],"fullName":"Reader.createActiveContract decoding branches handles zlib header via pako.inflate","invocations":1,"location":null,"numPassingAsserts":2,"retryReasons":[],"startAt":1765656676758,"status":"passed","title":"handles zlib header via pako.inflate"},{"ancestorTitles":["Reader.createActiveContract decoding branches"],"duration":3,"failing":false,"failureDetails":[],"failureMessages":[],"fullName":"Reader.createActiveContract decoding branches handles hex abi input (0x..)","invocations":1,"location":null,"numPassingAsserts":1,"retryReasons":[],"startAt":1765656676764,"status":"passed","title":"handles hex abi input (0x..)"},{"ancestorTitles":["Reader.createActiveContract decoding branches"],"duration":31,"failing":false,"failureDetails":[],"failureMessages":[],"fullName":"Reader.createActiveContract decoding branches fails gracefully on invalid data","invocations":1,"location":null,"numPassingAsserts":1,"retryReasons":[],"startAt":1765656676767,"status":"passed","title":"fails gracefully on invalid data"}],"endTime":1765656676798,"message":"","name":"/Users/markus/Projects/IntelliJ/ethereum-event-scan/src/app/services/reader.createActiveContract.spec.ts","startTime":1765656676584,"status":"passed","summary":""},{"assertionResults":[{"ancestorTitles":["SettingsComponent async validators"],"duration":4,"failing":false,"failureDetails":[],"failureMessages":[],"fullName":"SettingsComponent async validators isProviderConnected resolves null when connected true","invocations":1,"location":null,"numPassingAsserts":1,"retryReasons":[],"startAt":1765656677125,"status":"passed","title":"isProviderConnected resolves null when connected true"},{"ancestorTitles":["SettingsComponent async validators"],"duration":1,"failing":false,"failureDetails":[],"failureMessages":[],"fullName":"SettingsComponent async validators isProviderConnected resolves error when not connected","invocations":1,"location":null,"numPassingAsserts":1,"retryReasons":[],"startAt":1765656677129,"status":"passed","title":"isProviderConnected resolves error when not connected"},{"ancestorTitles":["SettingsComponent async validators"],"duration":1,"failing":false,"failureDetails":[],"failureMessages":[],"fullName":"SettingsComponent async validators isContractOk accepts valid hex address and rejects invalid","invocations":1,"location":null,"numPassingAsserts":2,"retryReasons":[],"startAt":1765656677131,"status":"passed","title":"isContractOk accepts valid hex address and rejects invalid"},{"ancestorTitles":["SettingsComponent async validators"],"duration":1,"failing":false,"failureDetails":[],"failureMessages":[],"fullName":"SettingsComponent async validators isABIOk accepts valid JSON and rejects invalid","invocations":1,"location":null,"numPassingAsserts":2,"retryReasons":[],"startAt":1765656677132,"status":"passed","title":"isABIOk accepts valid JSON and rejects invalid"},{"ancestorTitles":["SettingsComponent async validators"],"duration":1,"failing":false,"failureDetails":[],"failureMessages":[],"fullName":"SettingsComponent async validators isStartBlockOk accepts numeric strings","invocations":1,"location":null,"numPassingAsserts":2,"retryReasons":[],"startAt":1765656677133,"status":"passed","title":"isStartBlockOk accepts numeric strings"},{"ancestorTitles":["SettingsComponent async validators"],"duration":1,"failing":false,"failureDetails":[],"failureMessages":[],"fullName":"SettingsComponent async validators isEndBlockOk accepts numeric and LATEST","invocations":1,"location":null,"numPassingAsserts":3,"retryReasons":[],"startAt":1765656677134,"status":"passed","title":"isEndBlockOk accepts numeric and LATEST"}],"endTime":1765656677136,"message":"","name":"/Users/markus/Projects/IntelliJ/ethereum-event-scan/src/app/components/settings/settings.validators.spec.ts","startTime":1765656676820,"status":"passed","summary":""},{"assertionResults":[{"ancestorTitles":["Reader.readEventsRange behavior"],"duration":6,"failing":false,"failureDetails":[],"failureMessages":[],"fullName":"Reader.readEventsRange behavior splits large ranges via isBlockLimitExceeded","invocations":1,"location":null,"numPassingAsserts":2,"retryReasons":[],"startAt":1765656677308,"status":"passed","title":"splits large ranges via isBlockLimitExceeded"},{"ancestorTitles":["Reader.readEventsRange behavior"],"duration":25,"failing":false,"failureDetails":[],"failureMessages":[],"fullName":"Reader.readEventsRange behavior handles getPastEvents rejection and decrements runningJobs","invocations":1,"location":null,"numPassingAsserts":2,"retryReasons":[],"startAt":1765656677314,"status":"passed","title":"handles getPastEvents rejection and decrements runningJobs"}],"endTime":1765656677339,"message":"","name":"/Users/markus/Projects/IntelliJ/ethereum-event-scan/src/app/services/reader.readEventsRange.spec.ts","startTime":1765656677144,"status":"passed","summary":""},{"assertionResults":[{"ancestorTitles":["SettingsComponent (unit)"],"duration":2,"failing":false,"failureDetails":[],"failureMessages":[],"fullName":"SettingsComponent (unit) should create and have default panelMessage","invocations":1,"location":null,"numPassingAsserts":1,"retryReasons":[],"startAt":1765656677651,"status":"passed","title":"should create and have default panelMessage"},{"ancestorTitles":["SettingsComponent (unit)"],"duration":2,"failing":false,"failureDetails":[],"failureMessages":[],"fullName":"SettingsComponent (unit) updateStartValue should set startBlock via UtilsService","invocations":1,"location":null,"numPassingAsserts":2,"retryReasons":[],"startAt":1765656677653,"status":"passed","title":"updateStartValue should set startBlock via UtilsService"}],"endTime":1765656677655,"message":"","name":"/Users/markus/Projects/IntelliJ/ethereum-event-scan/src/app/components/settings/settings.component.tb.spec.ts","startTime":1765656677351,"status":"passed","summary":""},{"assertionResults":[{"ancestorTitles":["EventsTableComponent (basic)"],"duration":2,"failing":false,"failureDetails":[],"failureMessages":[],"fullName":"EventsTableComponent (basic) panelMessage returns No Events initially","invocations":1,"location":null,"numPassingAsserts":1,"retryReasons":[],"startAt":1765656678039,"status":"passed","title":"panelMessage returns No Events initially"},{"ancestorTitles":["EventsTableComponent (basic)"],"duration":1,"failing":false,"failureDetails":[],"failureMessages":[],"fullName":"EventsTableComponent (basic) showSpinner reflects reader runningJobs","invocations":1,"location":null,"numPassingAsserts":2,"retryReasons":[],"startAt":1765656678041,"status":"passed","title":"showSpinner reflects reader runningJobs"},{"ancestorTitles":["EventsTableComponent (basic)"],"duration":1,"failing":false,"failureDetails":[],"failureMessages":[],"fullName":"EventsTableComponent (basic) applyFilter sets listData.filter","invocations":1,"location":null,"numPassingAsserts":1,"retryReasons":[],"startAt":1765656678042,"status":"passed","title":"applyFilter sets listData.filter"},{"ancestorTitles":["EventsTableComponent (basic)"],"duration":46,"failing":false,"failureDetails":[],"failureMessages":[],"fullName":"EventsTableComponent (basic) openDetailsDialog calls dialog.open","invocations":1,"location":null,"numPassingAsserts":1,"retryReasons":[],"startAt":1765656678043,"status":"passed","title":"openDetailsDialog calls dialog.open"}],"endTime":1765656678089,"message":"","name":"/Users/markus/Projects/IntelliJ/ethereum-event-scan/src/app/components/events-table/events-table.component.spec.ts","startTime":1765656677661,"status":"passed","summary":""},{"assertionResults":[{"ancestorTitles":["EventsListResponsiveDirective (basic)"],"duration":5,"failing":false,"failureDetails":[],"failureMessages":[],"fullName":"EventsListResponsiveDirective (basic) should create and run lifecycle methods without crashing","invocations":1,"location":null,"numPassingAsserts":1,"retryReasons":[],"startAt":1765656678230,"status":"passed","title":"should create and run lifecycle methods without crashing"}],"endTime":1765656678236,"message":"","name":"/Users/markus/Projects/IntelliJ/ethereum-event-scan/src/app/components/events-table/directives/events-list-responsive.directive.spec.ts","startTime":1765656678098,"status":"passed","summary":""},{"assertionResults":[{"ancestorTitles":["SettingsComponent.updateABIValue"],"duration":7,"failing":false,"failureDetails":[],"failureMessages":[],"fullName":"SettingsComponent.updateABIValue calls fetchABIFromVerifiedContract when provider+contract present and control empty","invocations":1,"location":null,"numPassingAsserts":4,"retryReasons":[],"startAt":1765656678511,"status":"passed","title":"calls fetchABIFromVerifiedContract when provider+contract present and control empty"},{"ancestorTitles":["SettingsComponent.updateABIValue"],"duration":2,"failing":false,"failureDetails":[],"failureMessages":[],"fullName":"SettingsComponent.updateABIValue parses JSON ABI and updates URL and reader when control contains JSON","invocations":1,"location":null,"numPassingAsserts":3,"retryReasons":[],"startAt":1765656678519,"status":"passed","title":"parses JSON ABI and updates URL and reader when control contains JSON"},{"ancestorTitles":["SettingsComponent.updateABIValue"],"duration":1,"failing":false,"failureDetails":[],"failureMessages":[],"fullName":"SettingsComponent.updateABIValue sets form error when abi is invalid JSON","invocations":1,"location":null,"numPassingAsserts":1,"retryReasons":[],"startAt":1765656678521,"status":"passed","title":"sets form error when abi is invalid JSON"}],"endTime":1765656678522,"message":"","name":"/Users/markus/Projects/IntelliJ/ethereum-event-scan/src/app/components/settings/updateABIValue.spec.ts","startTime":1765656678243,"status":"passed","summary":""},{"assertionResults":[{"ancestorTitles":["JsonFormatterDirective (unit, direct)"],"duration":1,"failing":false,"failureDetails":[],"failureMessages":[],"fullName":"JsonFormatterDirective (unit, direct) out and into behave correctly for JSON","invocations":1,"location":null,"numPassingAsserts":3,"retryReasons":[],"startAt":1765656678792,"status":"passed","title":"out and into behave correctly for JSON"},{"ancestorTitles":["JsonFormatterDirective (unit, direct)"],"duration":1,"failing":false,"failureDetails":[],"failureMessages":[],"fullName":"JsonFormatterDirective (unit, direct) into/out return input unchanged for non-JSON","invocations":1,"location":null,"numPassingAsserts":2,"retryReasons":[],"startAt":1765656678793,"status":"passed","title":"into/out return input unchanged for non-JSON"},{"ancestorTitles":["JsonFormatterDirective (unit, direct)"],"duration":1,"failing":false,"failureDetails":[],"failureMessages":[],"fullName":"JsonFormatterDirective (unit, direct) onFocus uses ngControl when present","invocations":1,"location":null,"numPassingAsserts":2,"retryReasons":[],"startAt":1765656678794,"status":"passed","title":"onFocus uses ngControl when present"},{"ancestorTitles":["JsonFormatterDirective (unit, direct)"],"duration":0,"failing":false,"failureDetails":[],"failureMessages":[],"fullName":"JsonFormatterDirective (unit, direct) onBlur writes compact JSON back","invocations":1,"location":null,"numPassingAsserts":2,"retryReasons":[],"startAt":1765656678796,"status":"passed","title":"onBlur writes compact JSON back"},{"ancestorTitles":["JsonFormatterDirective (unit, direct)"],"duration":1,"failing":false,"failureDetails":[],"failureMessages":[],"fullName":"JsonFormatterDirective (unit, direct) falls back to DOM value when ngControl unavailable","invocations":1,"location":null,"numPassingAsserts":2,"retryReasons":[],"startAt":1765656678796,"status":"passed","title":"falls back to DOM value when ngControl unavailable"}],"endTime":1765656678797,"message":"","name":"/Users/markus/Projects/IntelliJ/ethereum-event-scan/src/app/components/settings/directives/json-formatter.directive.spec.ts","startTime":1765656678537,"status":"passed","summary":""}],"wasInterrupted":false}
