{"numFailedTestSuites":0,"numFailedTests":0,"numPassedTestSuites":17,"numPassedTests":91,"numPendingTestSuites":0,"numPendingTests":0,"numRuntimeErrorTestSuites":0,"numTodoTests":0,"numTotalTestSuites":17,"numTotalTests":91,"openHandles":[],"snapshot":{"added":0,"didUpdate":false,"failure":false,"filesAdded":0,"filesRemoved":0,"filesRemovedList":[],"filesUnmatched":0,"filesUpdated":0,"matched":0,"total":0,"unchecked":0,"uncheckedKeysByFile":[],"unmatched":0,"updated":0},"startTime":1767089629622,"success":true,"testResults":[{"assertionResults":[{"ancestorTitles":["SettingsComponent consolidated tests","template rendering (TestBed)"],"duration":77,"failing":false,"failureDetails":[],"failureMessages":[],"fullName":"SettingsComponent consolidated tests template rendering (TestBed) renders inputs and updates form on user input","invocations":1,"location":null,"numPassingAsserts":3,"retryReasons":[],"startAt":1767089647662,"status":"passed","title":"renders inputs and updates form on user input"},{"ancestorTitles":["SettingsComponent consolidated tests","template rendering (TestBed)"],"duration":16,"failing":false,"failureDetails":[],"failureMessages":[],"fullName":"SettingsComponent consolidated tests template rendering (TestBed) changes textarea rows on focus and blur","invocations":1,"location":null,"numPassingAsserts":2,"retryReasons":[],"startAt":1767089647740,"status":"passed","title":"changes textarea rows on focus and blur"},{"ancestorTitles":["SettingsComponent consolidated tests","template rendering (TestBed)"],"duration":19,"failing":false,"failureDetails":[],"failureMessages":[],"fullName":"SettingsComponent consolidated tests template rendering (TestBed) ngAfterViewInit syncs reader.abi into the form control","invocations":1,"location":null,"numPassingAsserts":1,"retryReasons":[],"startAt":1767089647757,"status":"passed","title":"ngAfterViewInit syncs reader.abi into the form control"},{"ancestorTitles":["SettingsComponent consolidated tests","unit tests (direct instantiation)"],"duration":5,"failing":false,"failureDetails":[],"failureMessages":[],"fullName":"SettingsComponent consolidated tests unit tests (direct instantiation) should create and have default panelMessage","invocations":1,"location":null,"numPassingAsserts":2,"retryReasons":[],"startAt":1767089647777,"status":"passed","title":"should create and have default panelMessage"},{"ancestorTitles":["SettingsComponent consolidated tests","unit tests (direct instantiation)"],"duration":7,"failing":false,"failureDetails":[],"failureMessages":[],"fullName":"SettingsComponent consolidated tests unit tests (direct instantiation) updateStartValue should set startBlock via UtilsService behavior","invocations":1,"location":null,"numPassingAsserts":1,"retryReasons":[],"startAt":1767089647782,"status":"passed","title":"updateStartValue should set startBlock via UtilsService behavior"},{"ancestorTitles":["SettingsComponent consolidated tests","unit tests (direct instantiation)"],"duration":616,"failing":false,"failureDetails":[],"failureMessages":[],"fullName":"SettingsComponent consolidated tests unit tests (direct instantiation) updateABIValue parses JSON and calls reader.setAbi","invocations":1,"location":null,"numPassingAsserts":1,"retryReasons":[],"startAt":1767089647790,"status":"passed","title":"updateABIValue parses JSON and calls reader.setAbi"},{"ancestorTitles":["SettingsComponent consolidated tests","unit tests (direct instantiation)"],"duration":8,"failing":false,"failureDetails":[],"failureMessages":[],"fullName":"SettingsComponent consolidated tests unit tests (direct instantiation) updateContractValue triggers fetchABI when provider+contract present","invocations":1,"location":null,"numPassingAsserts":1,"retryReasons":[],"startAt":1767089648406,"status":"passed","title":"updateContractValue triggers fetchABI when provider+contract present"}],"endTime":1767089648628,"message":"","name":"/Users/markus/Projects/IntelliJ/ethereum-event-scan/src/app/components/settings/settings.spec.ts","startTime":1767089631746,"status":"passed","summary":""},{"assertionResults":[{"ancestorTitles":["Reader additional unit tests"],"duration":4,"failing":false,"failureDetails":[],"failureMessages":[],"fullName":"Reader additional unit tests setUpdateCallback stores the callback","invocations":1,"location":null,"numPassingAsserts":1,"retryReasons":[],"startAt":1767089649817,"status":"passed","title":"setUpdateCallback stores the callback"},{"ancestorTitles":["Reader additional unit tests"],"duration":1,"failing":false,"failureDetails":[],"failureMessages":[],"fullName":"Reader additional unit tests reset clears EventData and resets contractInstance and startBlock","invocations":1,"location":null,"numPassingAsserts":3,"retryReasons":[],"startAt":1767089649823,"status":"passed","title":"reset clears EventData and resets contractInstance and startBlock"},{"ancestorTitles":["Reader additional unit tests"],"duration":1,"failing":false,"failureDetails":[],"failureMessages":[],"fullName":"Reader additional unit tests setAbi sets abi and calls createActiveContract","invocations":1,"location":null,"numPassingAsserts":2,"retryReasons":[],"startAt":1767089649824,"status":"passed","title":"setAbi sets abi and calls createActiveContract"},{"ancestorTitles":["Reader additional unit tests"],"duration":0,"failing":false,"failureDetails":[],"failureMessages":[],"fullName":"Reader additional unit tests setContractAddress creates contractInstance when web3 available","invocations":1,"location":null,"numPassingAsserts":1,"retryReasons":[],"startAt":1767089649826,"status":"passed","title":"setContractAddress creates contractInstance when web3 available"},{"ancestorTitles":["Reader additional unit tests"],"duration":1,"failing":false,"failureDetails":[],"failureMessages":[],"fullName":"Reader additional unit tests setContractAddress leaves contractInstance null on invalid data","invocations":1,"location":null,"numPassingAsserts":1,"retryReasons":[],"startAt":1767089649826,"status":"passed","title":"setContractAddress leaves contractInstance null on invalid data"},{"ancestorTitles":["Reader additional unit tests"],"duration":12,"failing":false,"failureDetails":[],"failureMessages":[],"fullName":"Reader additional unit tests getCurrentBlockNumber updates entity.currentBlock when web3 returns value","invocations":1,"location":null,"numPassingAsserts":2,"retryReasons":[],"startAt":1767089649827,"status":"passed","title":"getCurrentBlockNumber updates entity.currentBlock when web3 returns value"},{"ancestorTitles":["Reader additional unit tests"],"duration":1,"failing":false,"failureDetails":[],"failureMessages":[],"fullName":"Reader additional unit tests fetchCurrentBlockNumber calls getCurrentBlockNumber when connected","invocations":1,"location":null,"numPassingAsserts":1,"retryReasons":[],"startAt":1767089649839,"status":"passed","title":"fetchCurrentBlockNumber calls getCurrentBlockNumber when connected"},{"ancestorTitles":["Reader additional unit tests"],"duration":1,"failing":false,"failureDetails":[],"failureMessages":[],"fullName":"Reader additional unit tests fetchEvents calls getPastEvents only when not skipped and connected","invocations":1,"location":null,"numPassingAsserts":2,"retryReasons":[],"startAt":1767089649840,"status":"passed","title":"fetchEvents calls getPastEvents only when not skipped and connected"},{"ancestorTitles":["Reader additional unit tests"],"duration":3,"failing":false,"failureDetails":[],"failureMessages":[],"fullName":"Reader additional unit tests runLoadTable schedules fetchCurrentBlockNumber and fetchEvents","invocations":1,"location":null,"numPassingAsserts":3,"retryReasons":[],"startAt":1767089649842,"status":"passed","title":"runLoadTable schedules fetchCurrentBlockNumber and fetchEvents"}],"endTime":1767089649974,"message":"","name":"/Users/markus/Projects/IntelliJ/ethereum-event-scan/src/app/services/reader.unit.spec.ts","startTime":1767089648678,"status":"passed","summary":""},{"assertionResults":[{"ancestorTitles":["ProviderService"],"duration":5,"failing":false,"failureDetails":[],"failureMessages":[],"fullName":"ProviderService setProvider with http should initialize web3 and update status (stubbed)","invocations":1,"location":null,"numPassingAsserts":2,"retryReasons":[],"startAt":1767089651648,"status":"passed","title":"setProvider with http should initialize web3 and update status (stubbed)"},{"ancestorTitles":["ProviderService"],"duration":12,"failing":false,"failureDetails":[],"failureMessages":[],"fullName":"ProviderService setProvider with ws should initialize web3 via websocket (stubbed)","invocations":1,"location":null,"numPassingAsserts":1,"retryReasons":[],"startAt":1767089651653,"status":"passed","title":"setProvider with ws should initialize web3 via websocket (stubbed)"},{"ancestorTitles":["ProviderService"],"duration":1,"failing":false,"failureDetails":[],"failureMessages":[],"fullName":"ProviderService setProvider with invalid url should keep disconnected","invocations":1,"location":null,"numPassingAsserts":2,"retryReasons":[],"startAt":1767089651665,"status":"passed","title":"setProvider with invalid url should keep disconnected"},{"ancestorTitles":["ProviderService"],"duration":3,"failing":false,"failureDetails":[],"failureMessages":[],"fullName":"ProviderService isSyncing should handle sync object (async update)","invocations":1,"location":null,"numPassingAsserts":3,"retryReasons":[],"startAt":1767089651666,"status":"passed","title":"isSyncing should handle sync object (async update)"}],"endTime":1767089651806,"message":"","name":"/Users/markus/Projects/IntelliJ/ethereum-event-scan/src/app/services/provider.service.spec.ts","startTime":1767089649997,"status":"passed","summary":""},{"assertionResults":[{"ancestorTitles":["ModalDialogComponent (basic)"],"duration":3,"failing":false,"failureDetails":[],"failureMessages":[],"fullName":"ModalDialogComponent (basic) should close dialog","invocations":1,"location":null,"numPassingAsserts":1,"retryReasons":[],"startAt":1767089653391,"status":"passed","title":"should close dialog"}],"endTime":1767089653549,"message":"","name":"/Users/markus/Projects/IntelliJ/ethereum-event-scan/src/app/components/modal-dialog/modal-dialog.component.spec.ts","startTime":1767089651833,"status":"passed","summary":""},{"assertionResults":[{"ancestorTitles":["Reader service (unit)"],"duration":15,"failing":false,"failureDetails":[],"failureMessages":[],"fullName":"Reader service (unit) createActiveContract handles empty abiBase64Data gracefully","invocations":1,"location":null,"numPassingAsserts":1,"retryReasons":[],"startAt":1767089655435,"status":"passed","title":"createActiveContract handles empty abiBase64Data gracefully"},{"ancestorTitles":["Reader service (unit)"],"duration":1,"failing":false,"failureDetails":[],"failureMessages":[],"fullName":"Reader service (unit) getCachedTimestamp sets n.a. if no web3","invocations":1,"location":null,"numPassingAsserts":1,"retryReasons":[],"startAt":1767089655453,"status":"passed","title":"getCachedTimestamp sets n.a. if no web3"},{"ancestorTitles":["Reader service (unit)"],"duration":1,"failing":false,"failureDetails":[],"failureMessages":[],"fullName":"Reader service (unit) getCachedMiner triggers timestamp load when missing","invocations":1,"location":null,"numPassingAsserts":2,"retryReasons":[],"startAt":1767089655454,"status":"passed","title":"getCachedMiner triggers timestamp load when missing"},{"ancestorTitles":["Reader service (unit)"],"duration":4,"failing":false,"failureDetails":[],"failureMessages":[],"fullName":"Reader service (unit) readEventsRange handles contractInstance.getPastEvents resolution","invocations":1,"location":null,"numPassingAsserts":2,"retryReasons":[],"startAt":1767089655455,"status":"passed","title":"readEventsRange handles contractInstance.getPastEvents resolution"},{"ancestorTitles":["Reader service (unit)"],"duration":1,"failing":false,"failureDetails":[],"failureMessages":[],"fullName":"Reader service (unit) should decode hex ABI and create contract instance when web3 present","invocations":1,"location":null,"numPassingAsserts":1,"retryReasons":[],"startAt":1767089655459,"status":"passed","title":"should decode hex ABI and create contract instance when web3 present"},{"ancestorTitles":["Reader service (unit)"],"duration":31,"failing":false,"failureDetails":[],"failureMessages":[],"fullName":"Reader service (unit) should retry createActiveContract when web3 not ready and eventually set contractInstance null after max attempts","invocations":1,"location":null,"numPassingAsserts":1,"retryReasons":[],"startAt":1767089655460,"status":"passed","title":"should retry createActiveContract when web3 not ready and eventually set contractInstance null after max attempts"},{"ancestorTitles":["Reader service (unit)"],"duration":2,"failing":false,"failureDetails":[],"failureMessages":[],"fullName":"Reader service (unit) getCachedTimestamp loads timestamp when web3 present","invocations":1,"location":null,"numPassingAsserts":2,"retryReasons":[],"startAt":1767089655491,"status":"passed","title":"getCachedTimestamp loads timestamp when web3 present"},{"ancestorTitles":["Reader service (unit)"],"duration":57,"failing":false,"failureDetails":[],"failureMessages":[],"fullName":"Reader service (unit) readEventsRange handles large range by splitting and handles error branch for too many results","invocations":1,"location":null,"numPassingAsserts":1,"retryReasons":[],"startAt":1767089655494,"status":"passed","title":"readEventsRange handles large range by splitting and handles error branch for too many results"},{"ancestorTitles":["Reader service (unit)"],"duration":1,"failing":false,"failureDetails":[],"failureMessages":[],"fullName":"Reader service (unit) createActiveContract decodes base64 JSON and creates contract instance","invocations":1,"location":null,"numPassingAsserts":2,"retryReasons":[],"startAt":1767089655551,"status":"passed","title":"createActiveContract decodes base64 JSON and creates contract instance"},{"ancestorTitles":["Reader service (unit)"],"duration":1,"failing":false,"failureDetails":[],"failureMessages":[],"fullName":"Reader service (unit) setContractAddress handles missing web3 by setting contractInstance null","invocations":1,"location":null,"numPassingAsserts":1,"retryReasons":[],"startAt":1767089655552,"status":"passed","title":"setContractAddress handles missing web3 by setting contractInstance null"},{"ancestorTitles":["Reader service (unit)"],"duration":2,"failing":false,"failureDetails":[],"failureMessages":[],"fullName":"Reader service (unit) getCurrentBlockNumber requests blockNumber and updates entity.currentBlock","invocations":1,"location":null,"numPassingAsserts":2,"retryReasons":[],"startAt":1767089655553,"status":"passed","title":"getCurrentBlockNumber requests blockNumber and updates entity.currentBlock"},{"ancestorTitles":["Reader service (unit)"],"duration":2,"failing":false,"failureDetails":[],"failureMessages":[],"fullName":"Reader service (unit) getPastEvents uses current block when endBlock LATEST and calls readEventsRange","invocations":1,"location":null,"numPassingAsserts":1,"retryReasons":[],"startAt":1767089655555,"status":"passed","title":"getPastEvents uses current block when endBlock LATEST and calls readEventsRange"},{"ancestorTitles":["Reader service (unit)"],"duration":2,"failing":false,"failureDetails":[],"failureMessages":[],"fullName":"Reader service (unit) createActiveContract handles gzip header via pako.ungzip","invocations":1,"location":null,"numPassingAsserts":2,"retryReasons":[],"startAt":1767089655557,"status":"passed","title":"createActiveContract handles gzip header via pako.ungzip"},{"ancestorTitles":["Reader service (unit)"],"duration":2,"failing":false,"failureDetails":[],"failureMessages":[],"fullName":"Reader service (unit) createActiveContract handles zlib header via pako.inflate","invocations":1,"location":null,"numPassingAsserts":2,"retryReasons":[],"startAt":1767089655559,"status":"passed","title":"createActiveContract handles zlib header via pako.inflate"},{"ancestorTitles":["Reader service (unit)"],"duration":2,"failing":false,"failureDetails":[],"failureMessages":[],"fullName":"Reader service (unit) readEventsRange ignores __length__ keys when parsing returnValues","invocations":1,"location":null,"numPassingAsserts":2,"retryReasons":[],"startAt":1767089655562,"status":"passed","title":"readEventsRange ignores __length__ keys when parsing returnValues"},{"ancestorTitles":["Reader service (unit)"],"duration":4,"failing":false,"failureDetails":[],"failureMessages":[],"fullName":"Reader service (unit) createActiveContract sets abi to empty when decompression fails and decodedData not JSON","invocations":1,"location":null,"numPassingAsserts":1,"retryReasons":[],"startAt":1767089655564,"status":"passed","title":"createActiveContract sets abi to empty when decompression fails and decodedData not JSON"},{"ancestorTitles":["Reader service (unit)"],"duration":0,"failing":false,"failureDetails":[],"failureMessages":[],"fullName":"Reader service (unit) getCachedMiner returns cached value if present","invocations":1,"location":null,"numPassingAsserts":2,"retryReasons":[],"startAt":1767089655569,"status":"passed","title":"getCachedMiner returns cached value if present"}],"endTime":1767089655752,"message":"","name":"/Users/markus/Projects/IntelliJ/ethereum-event-scan/src/app/services/reader.service.spec.ts","startTime":1767089653570,"status":"passed","summary":""},{"assertionResults":[{"ancestorTitles":["MainComponent (basic)"],"duration":3,"failing":false,"failureDetails":[],"failureMessages":[],"fullName":"MainComponent (basic) should create the component","invocations":1,"location":null,"numPassingAsserts":1,"retryReasons":[],"startAt":1767089658482,"status":"passed","title":"should create the component"},{"ancestorTitles":["MainComponent (basic)"],"duration":1,"failing":false,"failureDetails":[],"failureMessages":[],"fullName":"MainComponent (basic) constructor should call runLoadTable on Reader","invocations":1,"location":null,"numPassingAsserts":1,"retryReasons":[],"startAt":1767089658486,"status":"passed","title":"constructor should call runLoadTable on Reader"},{"ancestorTitles":["MainComponent (basic)"],"duration":1,"failing":false,"failureDetails":[],"failureMessages":[],"fullName":"MainComponent (basic) control property should reference the provided Reader","invocations":1,"location":null,"numPassingAsserts":1,"retryReasons":[],"startAt":1767089658487,"status":"passed","title":"control property should reference the provided Reader"}],"endTime":1767089658682,"message":"","name":"/Users/markus/Projects/IntelliJ/ethereum-event-scan/src/app/pages/main/main.component.spec.ts","startTime":1767089655919,"status":"passed","summary":""},{"assertionResults":[{"ancestorTitles":["Reader URL ABI decoding (integration-style)"],"duration":7,"failing":false,"failureDetails":[],"failureMessages":[],"fullName":"Reader URL ABI decoding (integration-style) decodes URL-safe base64 and sets the ABI correctly","invocations":1,"location":null,"numPassingAsserts":3,"retryReasons":[],"startAt":1767089660674,"status":"passed","title":"decodes URL-safe base64 and sets the ABI correctly"},{"ancestorTitles":["Reader URL ABI decoding (integration-style)"],"duration":11,"failing":false,"failureDetails":[],"failureMessages":[],"fullName":"Reader URL ABI decoding (integration-style) encodes ABI JSON into url-safe base64 matching URL param","invocations":1,"location":null,"numPassingAsserts":1,"retryReasons":[],"startAt":1767089660683,"status":"passed","title":"encodes ABI JSON into url-safe base64 matching URL param"}],"endTime":1767089660874,"message":"","name":"/Users/markus/Projects/IntelliJ/ethereum-event-scan/src/app/services/reader.url.spec.ts","startTime":1767089658705,"status":"passed","summary":""},{"assertionResults":[{"ancestorTitles":["EventsTableComponent (basic)"],"duration":6,"failing":false,"failureDetails":[],"failureMessages":[],"fullName":"EventsTableComponent (basic) panelMessage returns No Events initially","invocations":1,"location":null,"numPassingAsserts":1,"retryReasons":[],"startAt":1767089663620,"status":"passed","title":"panelMessage returns No Events initially"},{"ancestorTitles":["EventsTableComponent (basic)"],"duration":2,"failing":false,"failureDetails":[],"failureMessages":[],"fullName":"EventsTableComponent (basic) showSpinner reflects reader runningJobs","invocations":1,"location":null,"numPassingAsserts":2,"retryReasons":[],"startAt":1767089663628,"status":"passed","title":"showSpinner reflects reader runningJobs"},{"ancestorTitles":["EventsTableComponent (basic)"],"duration":1,"failing":false,"failureDetails":[],"failureMessages":[],"fullName":"EventsTableComponent (basic) applyFilter sets listData.filter","invocations":1,"location":null,"numPassingAsserts":1,"retryReasons":[],"startAt":1767089663630,"status":"passed","title":"applyFilter sets listData.filter"},{"ancestorTitles":["EventsTableComponent (basic)"],"duration":57,"failing":false,"failureDetails":[],"failureMessages":[],"fullName":"EventsTableComponent (basic) openDetailsDialog calls dialog.open","invocations":1,"location":null,"numPassingAsserts":1,"retryReasons":[],"startAt":1767089663631,"status":"passed","title":"openDetailsDialog calls dialog.open"},{"ancestorTitles":["EventsTableComponent (basic)"],"duration":2,"failing":false,"failureDetails":[],"failureMessages":[],"fullName":"EventsTableComponent (basic) onResize updates screenWidth","invocations":1,"location":null,"numPassingAsserts":1,"retryReasons":[],"startAt":1767089663688,"status":"passed","title":"onResize updates screenWidth"},{"ancestorTitles":["EventsTableComponent (basic)"],"duration":1,"failing":false,"failureDetails":[],"failureMessages":[],"fullName":"EventsTableComponent (basic) isElementVisible returns true when paginator or listData undefined","invocations":1,"location":null,"numPassingAsserts":1,"retryReasons":[],"startAt":1767089663690,"status":"passed","title":"isElementVisible returns true when paginator or listData undefined"},{"ancestorTitles":["EventsTableComponent (basic)"],"duration":1,"failing":false,"failureDetails":[],"failureMessages":[],"fullName":"EventsTableComponent (basic) isElementVisible computes visibility with paginator and filteredData","invocations":1,"location":null,"numPassingAsserts":2,"retryReasons":[],"startAt":1767089663691,"status":"passed","title":"isElementVisible computes visibility with paginator and filteredData"},{"ancestorTitles":["EventsTableComponent (basic)"],"duration":2,"failing":false,"failureDetails":[],"failureMessages":[],"fullName":"EventsTableComponent (basic) updateSearchValue navigates and applies filter","invocations":1,"location":null,"numPassingAsserts":3,"retryReasons":[],"startAt":1767089663692,"status":"passed","title":"updateSearchValue navigates and applies filter"},{"ancestorTitles":["EventsTableComponent (basic)"],"duration":1,"failing":false,"failureDetails":[],"failureMessages":[],"fullName":"EventsTableComponent (basic) panelMessage shows events count when EventData populated","invocations":1,"location":null,"numPassingAsserts":1,"retryReasons":[],"startAt":1767089663694,"status":"passed","title":"panelMessage shows events count when EventData populated"},{"ancestorTitles":["EventsTableComponent (basic)"],"duration":7,"failing":false,"failureDetails":[],"failureMessages":[],"fullName":"EventsTableComponent (basic) ngOnInit registers update callback and populates listData on update","invocations":1,"location":null,"numPassingAsserts":4,"retryReasons":[],"startAt":1767089663696,"status":"passed","title":"ngOnInit registers update callback and populates listData on update"}],"endTime":1767089663966,"message":"","name":"/Users/markus/Projects/IntelliJ/ethereum-event-scan/src/app/components/events-table/events-table.component.spec.ts","startTime":1767089660896,"status":"passed","summary":""},{"assertionResults":[{"ancestorTitles":["AppRoutingModule"],"duration":18,"failing":false,"failureDetails":[],"failureMessages":[],"fullName":"AppRoutingModule should be created","invocations":1,"location":null,"numPassingAsserts":1,"retryReasons":[],"startAt":1767089666456,"status":"passed","title":"should be created"},{"ancestorTitles":["AppRoutingModule"],"duration":12,"failing":false,"failureDetails":[],"failureMessages":[],"fullName":"AppRoutingModule should have no configured routes","invocations":1,"location":null,"numPassingAsserts":1,"retryReasons":[],"startAt":1767089666475,"status":"passed","title":"should have no configured routes"}],"endTime":1767089666734,"message":"","name":"/Users/markus/Projects/IntelliJ/ethereum-event-scan/src/app/app-routing.module.spec.ts","startTime":1767089663987,"status":"passed","summary":""},{"assertionResults":[{"ancestorTitles":["EventsListResponsiveDirective (basic)"],"duration":8,"failing":false,"failureDetails":[],"failureMessages":[],"fullName":"EventsListResponsiveDirective (basic) should create and run lifecycle methods without crashing","invocations":1,"location":null,"numPassingAsserts":1,"retryReasons":[],"startAt":1767089669338,"status":"passed","title":"should create and run lifecycle methods without crashing"}],"endTime":1767089669584,"message":"","name":"/Users/markus/Projects/IntelliJ/ethereum-event-scan/src/app/components/events-table/directives/events-list-responsive.directive.spec.ts","startTime":1767089666755,"status":"passed","summary":""},{"assertionResults":[{"ancestorTitles":["UtilsService - additional tests","break()"],"duration":3,"failing":false,"failureDetails":[],"failureMessages":[],"fullName":"UtilsService - additional tests break() returns original string when not exceeding threshold","invocations":1,"location":null,"numPassingAsserts":1,"retryReasons":[],"startAt":1767089672220,"status":"passed","title":"returns original string when not exceeding threshold"},{"ancestorTitles":["UtilsService - additional tests","break()"],"duration":1,"failing":false,"failureDetails":[],"failureMessages":[],"fullName":"UtilsService - additional tests break() inserts newline when string is longer than twice maxLength","invocations":1,"location":null,"numPassingAsserts":3,"retryReasons":[],"startAt":1767089672225,"status":"passed","title":"inserts newline when string is longer than twice maxLength"},{"ancestorTitles":["UtilsService - additional tests","fetchABIFromVerifiedContract()"],"duration":1,"failing":false,"failureDetails":[],"failureMessages":[],"fullName":"UtilsService - additional tests fetchABIFromVerifiedContract() invokes callback when XHR returns JSON array","invocations":1,"location":null,"numPassingAsserts":1,"retryReasons":[],"startAt":1767089672227,"status":"passed","title":"invokes callback when XHR returns JSON array"}],"endTime":1767089672475,"message":"","name":"/Users/markus/Projects/IntelliJ/ethereum-event-scan/src/app/services/utils.extra.spec.ts","startTime":1767089669612,"status":"passed","summary":""},{"assertionResults":[{"ancestorTitles":["ModalDialogContentComponent full flows"],"duration":7,"failing":false,"failureDetails":[],"failureMessages":[],"fullName":"ModalDialogContentComponent full flows renderBlock sets details and transactions when web3 provides block","invocations":1,"location":null,"numPassingAsserts":4,"retryReasons":[],"startAt":1767089675415,"status":"passed","title":"renderBlock sets details and transactions when web3 provides block"},{"ancestorTitles":["ModalDialogContentComponent full flows"],"duration":1,"failing":false,"failureDetails":[],"failureMessages":[],"fullName":"ModalDialogContentComponent full flows renderTransaction sets details when web3 provides trx and receipt","invocations":1,"location":null,"numPassingAsserts":3,"retryReasons":[],"startAt":1767089675423,"status":"passed","title":"renderTransaction sets details when web3 provides trx and receipt"}],"endTime":1767089675671,"message":"","name":"/Users/markus/Projects/IntelliJ/ethereum-event-scan/src/app/components/modal-dialog/modal-dialog-content.full.spec.ts","startTime":1767089672506,"status":"passed","summary":""},{"assertionResults":[{"ancestorTitles":["Class: UtilsService","convertTimestamp()"],"duration":3,"failing":false,"failureDetails":[],"failureMessages":[],"fullName":"Class: UtilsService convertTimestamp() get expected 03.11.2019 21:45:41h for 1572813941","invocations":1,"location":null,"numPassingAsserts":1,"retryReasons":[],"startAt":1767089678652,"status":"passed","title":"get expected 03.11.2019 21:45:41h for 1572813941"},{"ancestorTitles":["Class: UtilsService","convertTimestamp()"],"duration":0,"failing":false,"failureDetails":[],"failureMessages":[],"fullName":"Class: UtilsService convertTimestamp() get expected 01.01.1970 01:00:00h for 0","invocations":1,"location":null,"numPassingAsserts":1,"retryReasons":[],"startAt":1767089678657,"status":"passed","title":"get expected 01.01.1970 01:00:00h for 0"},{"ancestorTitles":["Class: UtilsService","truncate()"],"duration":0,"failing":false,"failureDetails":[],"failureMessages":[],"fullName":"Class: UtilsService truncate() get no truncate for (sting.length + 1)","invocations":1,"location":null,"numPassingAsserts":1,"retryReasons":[],"startAt":1767089678658,"status":"passed","title":"get no truncate for (sting.length + 1)"},{"ancestorTitles":["Class: UtilsService","truncate()"],"duration":1,"failing":false,"failureDetails":[],"failureMessages":[],"fullName":"Class: UtilsService truncate() get truncated sting for (string.length)","invocations":1,"location":null,"numPassingAsserts":1,"retryReasons":[],"startAt":1767089678658,"status":"passed","title":"get truncated sting for (string.length)"},{"ancestorTitles":["Class: UtilsService","truncate()"],"duration":1,"failing":false,"failureDetails":[],"failureMessages":[],"fullName":"Class: UtilsService truncate() get truncated sting for 5","invocations":1,"location":null,"numPassingAsserts":1,"retryReasons":[],"startAt":1767089678659,"status":"passed","title":"get truncated sting for 5"},{"ancestorTitles":["Class: UtilsService","truncate()"],"duration":0,"failing":false,"failureDetails":[],"failureMessages":[],"fullName":"Class: UtilsService truncate() get truncated sting for 1","invocations":1,"location":null,"numPassingAsserts":1,"retryReasons":[],"startAt":1767089678660,"status":"passed","title":"get truncated sting for 1"},{"ancestorTitles":["Class: UtilsService","truncate()"],"duration":0,"failing":false,"failureDetails":[],"failureMessages":[],"fullName":"Class: UtilsService truncate() get truncated sting for 0","invocations":1,"location":null,"numPassingAsserts":1,"retryReasons":[],"startAt":1767089678661,"status":"passed","title":"get truncated sting for 0"},{"ancestorTitles":["Class: UtilsService","spaces()"],"duration":1,"failing":false,"failureDetails":[],"failureMessages":[],"fullName":"Class: UtilsService spaces() nothing for empty sting","invocations":1,"location":null,"numPassingAsserts":1,"retryReasons":[],"startAt":1767089678661,"status":"passed","title":"nothing for empty sting"},{"ancestorTitles":["Class: UtilsService","spaces()"],"duration":1,"failing":false,"failureDetails":[],"failureMessages":[],"fullName":"Class: UtilsService spaces() one non braking space for sting with one space","invocations":1,"location":null,"numPassingAsserts":1,"retryReasons":[],"startAt":1767089678662,"status":"passed","title":"one non braking space for sting with one space"},{"ancestorTitles":["Class: UtilsService","spaces()"],"duration":0,"failing":false,"failureDetails":[],"failureMessages":[],"fullName":"Class: UtilsService spaces() two non braking spaces for sting with two spaces","invocations":1,"location":null,"numPassingAsserts":1,"retryReasons":[],"startAt":1767089678663,"status":"passed","title":"two non braking spaces for sting with two spaces"},{"ancestorTitles":["Class: UtilsService"],"duration":8,"failing":false,"failureDetails":[],"failureMessages":[],"fullName":"Class: UtilsService should call updateURLParameter when compressing ABI","invocations":1,"location":null,"numPassingAsserts":1,"retryReasons":[],"startAt":1767089678663,"status":"passed","title":"should call updateURLParameter when compressing ABI"},{"ancestorTitles":["Class: UtilsService"],"duration":1,"failing":false,"failureDetails":[],"failureMessages":[],"fullName":"Class: UtilsService compressAbiToUrlSafe produces URL-safe characters only","invocations":1,"location":null,"numPassingAsserts":1,"retryReasons":[],"startAt":1767089678672,"status":"passed","title":"compressAbiToUrlSafe produces URL-safe characters only"},{"ancestorTitles":["Class: UtilsService"],"duration":2,"failing":false,"failureDetails":[],"failureMessages":[],"fullName":"Class: UtilsService updateURLParameter appends abi as last parameter and uses pushState","invocations":1,"location":null,"numPassingAsserts":2,"retryReasons":[],"startAt":1767089678673,"status":"passed","title":"updateURLParameter appends abi as last parameter and uses pushState"},{"ancestorTitles":["Class: UtilsService"],"duration":1,"failing":false,"failureDetails":[],"failureMessages":[],"fullName":"Class: UtilsService reloadAfterUpdate schedules a reload","invocations":1,"location":null,"numPassingAsserts":1,"retryReasons":[],"startAt":1767089678675,"status":"passed","title":"reloadAfterUpdate schedules a reload"},{"ancestorTitles":["Class: UtilsService","UtilsService"],"duration":10,"failing":false,"failureDetails":[],"failureMessages":[],"fullName":"Class: UtilsService UtilsService should be created","invocations":1,"location":null,"numPassingAsserts":1,"retryReasons":[],"startAt":1767089678676,"status":"passed","title":"should be created"},{"ancestorTitles":["Class: UtilsService","UtilsService"],"duration":3,"failing":false,"failureDetails":[],"failureMessages":[],"fullName":"Class: UtilsService UtilsService should truncate a string correctly","invocations":1,"location":null,"numPassingAsserts":1,"retryReasons":[],"startAt":1767089678687,"status":"passed","title":"should truncate a string correctly"}],"endTime":1767089678974,"message":"","name":"/Users/markus/Projects/IntelliJ/ethereum-event-scan/src/app/services/utils.services.spec.ts","startTime":1767089675701,"status":"passed","summary":""},{"assertionResults":[{"ancestorTitles":["JsonFormatterDirective (unit, direct)"],"duration":4,"failing":false,"failureDetails":[],"failureMessages":[],"fullName":"JsonFormatterDirective (unit, direct) out and into behave correctly for JSON","invocations":1,"location":null,"numPassingAsserts":3,"retryReasons":[],"startAt":1767089682078,"status":"passed","title":"out and into behave correctly for JSON"},{"ancestorTitles":["JsonFormatterDirective (unit, direct)"],"duration":1,"failing":false,"failureDetails":[],"failureMessages":[],"fullName":"JsonFormatterDirective (unit, direct) into/out return input unchanged for non-JSON","invocations":1,"location":null,"numPassingAsserts":2,"retryReasons":[],"startAt":1767089682084,"status":"passed","title":"into/out return input unchanged for non-JSON"},{"ancestorTitles":["JsonFormatterDirective (unit, direct)"],"duration":1,"failing":false,"failureDetails":[],"failureMessages":[],"fullName":"JsonFormatterDirective (unit, direct) onFocus uses ngControl when present","invocations":1,"location":null,"numPassingAsserts":2,"retryReasons":[],"startAt":1767089682086,"status":"passed","title":"onFocus uses ngControl when present"},{"ancestorTitles":["JsonFormatterDirective (unit, direct)"],"duration":1,"failing":false,"failureDetails":[],"failureMessages":[],"fullName":"JsonFormatterDirective (unit, direct) onBlur writes compact JSON back","invocations":1,"location":null,"numPassingAsserts":2,"retryReasons":[],"startAt":1767089682088,"status":"passed","title":"onBlur writes compact JSON back"},{"ancestorTitles":["JsonFormatterDirective (unit, direct)"],"duration":1,"failing":false,"failureDetails":[],"failureMessages":[],"fullName":"JsonFormatterDirective (unit, direct) falls back to DOM value when ngControl unavailable","invocations":1,"location":null,"numPassingAsserts":2,"retryReasons":[],"startAt":1767089682089,"status":"passed","title":"falls back to DOM value when ngControl unavailable"}],"endTime":1767089682357,"message":"","name":"/Users/markus/Projects/IntelliJ/ethereum-event-scan/src/app/components/settings/directives/json-formatter.directive.spec.ts","startTime":1767089678994,"status":"passed","summary":""},{"assertionResults":[{"ancestorTitles":["ModalDialogContentComponent (unit)"],"duration":2,"failing":false,"failureDetails":[],"failureMessages":[],"fullName":"ModalDialogContentComponent (unit) should instantiate and handle missing reader gracefully","invocations":1,"location":null,"numPassingAsserts":1,"retryReasons":[],"startAt":1767089685573,"status":"passed","title":"should instantiate and handle missing reader gracefully"},{"ancestorTitles":["ModalDialogContentComponent (unit)"],"duration":1,"failing":false,"failureDetails":[],"failureMessages":[],"fullName":"ModalDialogContentComponent (unit) should not log warnings when reader and web3 are provided","invocations":1,"location":null,"numPassingAsserts":2,"retryReasons":[],"startAt":1767089685577,"status":"passed","title":"should not log warnings when reader and web3 are provided"}],"endTime":1767089685852,"message":"","name":"/Users/markus/Projects/IntelliJ/ethereum-event-scan/src/app/components/modal-dialog/modal-dialog-content.component.spec.ts","startTime":1767089682388,"status":"passed","summary":""},{"assertionResults":[{"ancestorTitles":["AppModule (shallow)"],"duration":13,"failing":false,"failureDetails":[],"failureMessages":[],"fullName":"AppModule (shallow) should provide DecimalPipe from providers","invocations":1,"location":null,"numPassingAsserts":2,"retryReasons":[],"startAt":1767089689271,"status":"passed","title":"should provide DecimalPipe from providers"},{"ancestorTitles":["AppModule (shallow)"],"duration":1,"failing":false,"failureDetails":[],"failureMessages":[],"fullName":"AppModule (shallow) app.module.ts should export EventsListResponsiveDirective and provide MAT_DIALOG_DATA","invocations":1,"location":null,"numPassingAsserts":3,"retryReasons":[],"startAt":1767089689285,"status":"passed","title":"app.module.ts should export EventsListResponsiveDirective and provide MAT_DIALOG_DATA"},{"ancestorTitles":["AppModule (shallow)"],"duration":1,"failing":false,"failureDetails":[],"failureMessages":[],"fullName":"AppModule (shallow) app.module.ts should import BrowserModule and AppRoutingModule","invocations":1,"location":null,"numPassingAsserts":2,"retryReasons":[],"startAt":1767089689286,"status":"passed","title":"app.module.ts should import BrowserModule and AppRoutingModule"},{"ancestorTitles":["AppModule (shallow)"],"duration":1,"failing":false,"failureDetails":[],"failureMessages":[],"fullName":"AppModule (shallow) app.module.ts should list standalone components, directives and pipes in imports","invocations":1,"location":null,"numPassingAsserts":9,"retryReasons":[],"startAt":1767089689287,"status":"passed","title":"app.module.ts should list standalone components, directives and pipes in imports"},{"ancestorTitles":["AppModule (shallow)"],"duration":1,"failing":false,"failureDetails":[],"failureMessages":[],"fullName":"AppModule (shallow) app.module.ts should declare schemas NO_ERRORS_SCHEMA and CUSTOM_ELEMENTS_SCHEMA","invocations":1,"location":null,"numPassingAsserts":2,"retryReasons":[],"startAt":1767089689288,"status":"passed","title":"app.module.ts should declare schemas NO_ERRORS_SCHEMA and CUSTOM_ELEMENTS_SCHEMA"}],"endTime":1767089689579,"message":"","name":"/Users/markus/Projects/IntelliJ/ethereum-event-scan/src/app/app.module.spec.ts","startTime":1767089685886,"status":"passed","summary":""},{"assertionResults":[{"ancestorTitles":["HighlightSearch Pipe"],"duration":3,"failing":false,"failureDetails":[],"failureMessages":[],"fullName":"HighlightSearch Pipe should return original value when args is falsy","invocations":1,"location":null,"numPassingAsserts":2,"retryReasons":[],"startAt":1767089693250,"status":"passed","title":"should return original value when args is falsy"},{"ancestorTitles":["HighlightSearch Pipe"],"duration":1,"failing":false,"failureDetails":[],"failureMessages":[],"fullName":"HighlightSearch Pipe should wrap matches with <mark>","invocations":1,"location":null,"numPassingAsserts":2,"retryReasons":[],"startAt":1767089693255,"status":"passed","title":"should wrap matches with <mark>"}],"endTime":1767089693573,"message":"","name":"/Users/markus/Projects/IntelliJ/ethereum-event-scan/src/app/components/events-table/pipes/highlight-search.pipe.spec.ts","startTime":1767089689598,"status":"passed","summary":""}],"wasInterrupted":false,"coverageMap":{"/Users/markus/Projects/IntelliJ/ethereum-event-scan/src/app/app-routing.module.ts":{"path":"/Users/markus/Projects/IntelliJ/ethereum-event-scan/src/app/app-routing.module.ts","all":false,"statementMap":{"0":{"start":{"line":1,"column":0},"end":{"line":1,"column":3}},"1":{"start":{"line":2,"column":0},"end":{"line":2,"column":14}},"2":{"start":{"line":3,"column":0},"end":{"line":3,"column":2}},"3":{"start":{"line":4,"column":0},"end":{"line":4,"column":68}},"4":{"start":{"line":5,"column":0},"end":{"line":5,"column":2}},"5":{"start":{"line":6,"column":0},"end":{"line":6,"column":79}},"6":{"start":{"line":7,"column":0},"end":{"line":7,"column":80}},"7":{"start":{"line":8,"column":0},"end":{"line":8,"column":79}},"8":{"start":{"line":9,"column":0},"end":{"line":9,"column":76}},"9":{"start":{"line":10,"column":0},"end":{"line":10,"column":72}},"10":{"start":{"line":11,"column":0},"end":{"line":11,"column":59}},"11":{"start":{"line":12,"column":0},"end":{"line":12,"column":2}},"12":{"start":{"line":13,"column":0},"end":{"line":13,"column":81}},"13":{"start":{"line":14,"column":0},"end":{"line":14,"column":50}},"14":{"start":{"line":15,"column":0},"end":{"line":15,"column":2}},"15":{"start":{"line":16,"column":0},"end":{"line":16,"column":77}},"16":{"start":{"line":17,"column":0},"end":{"line":17,"column":75}},"17":{"start":{"line":18,"column":0},"end":{"line":18,"column":78}},"18":{"start":{"line":19,"column":0},"end":{"line":19,"column":73}},"19":{"start":{"line":20,"column":0},"end":{"line":20,"column":80}},"20":{"start":{"line":21,"column":0},"end":{"line":21,"column":80}},"21":{"start":{"line":22,"column":0},"end":{"line":22,"column":12}},"22":{"start":{"line":23,"column":0},"end":{"line":23,"column":3}},"23":{"start":{"line":24,"column":0},"end":{"line":24,"column":0}},"24":{"start":{"line":25,"column":0},"end":{"line":25,"column":39}},"25":{"start":{"line":26,"column":0},"end":{"line":26,"column":53}},"26":{"start":{"line":27,"column":0},"end":{"line":27,"column":0}},"27":{"start":{"line":28,"column":0},"end":{"line":28,"column":26}},"28":{"start":{"line":29,"column":0},"end":{"line":29,"column":0}},"29":{"start":{"line":30,"column":0},"end":{"line":30,"column":11}},"30":{"start":{"line":31,"column":0},"end":{"line":31,"column":42}},"31":{"start":{"line":32,"column":0},"end":{"line":32,"column":25}},"32":{"start":{"line":33,"column":0},"end":{"line":33,"column":2}},"33":{"start":{"line":34,"column":0},"end":{"line":34,"column":31}},"34":{"start":{"line":35,"column":0},"end":{"line":35,"column":1}}},"s":{"0":1,"1":1,"2":1,"3":1,"4":1,"5":1,"6":1,"7":1,"8":1,"9":1,"10":1,"11":1,"12":1,"13":1,"14":1,"15":1,"16":1,"17":1,"18":1,"19":1,"20":1,"21":1,"22":1,"23":1,"24":1,"25":1,"26":1,"27":1,"28":1,"29":1,"30":1,"31":1,"32":1,"33":1,"34":1},"branchMap":{},"b":{},"fnMap":{},"f":{}},"/Users/markus/Projects/IntelliJ/ethereum-event-scan/src/app/components/events-table/directives/events-list-responsive.directive.ts":{"path":"/Users/markus/Projects/IntelliJ/ethereum-event-scan/src/app/components/events-table/directives/events-list-responsive.directive.ts","all":false,"statementMap":{"0":{"start":{"line":1,"column":0},"end":{"line":1,"column":3}},"1":{"start":{"line":2,"column":0},"end":{"line":2,"column":14}},"2":{"start":{"line":3,"column":0},"end":{"line":3,"column":2}},"3":{"start":{"line":4,"column":0},"end":{"line":4,"column":68}},"4":{"start":{"line":5,"column":0},"end":{"line":5,"column":2}},"5":{"start":{"line":6,"column":0},"end":{"line":6,"column":79}},"6":{"start":{"line":7,"column":0},"end":{"line":7,"column":80}},"7":{"start":{"line":8,"column":0},"end":{"line":8,"column":79}},"8":{"start":{"line":9,"column":0},"end":{"line":9,"column":76}},"9":{"start":{"line":10,"column":0},"end":{"line":10,"column":72}},"10":{"start":{"line":11,"column":0},"end":{"line":11,"column":59}},"11":{"start":{"line":12,"column":0},"end":{"line":12,"column":2}},"12":{"start":{"line":13,"column":0},"end":{"line":13,"column":81}},"13":{"start":{"line":14,"column":0},"end":{"line":14,"column":50}},"14":{"start":{"line":15,"column":0},"end":{"line":15,"column":2}},"15":{"start":{"line":16,"column":0},"end":{"line":16,"column":77}},"16":{"start":{"line":17,"column":0},"end":{"line":17,"column":75}},"17":{"start":{"line":18,"column":0},"end":{"line":18,"column":78}},"18":{"start":{"line":19,"column":0},"end":{"line":19,"column":73}},"19":{"start":{"line":20,"column":0},"end":{"line":20,"column":80}},"20":{"start":{"line":21,"column":0},"end":{"line":21,"column":80}},"21":{"start":{"line":22,"column":0},"end":{"line":22,"column":12}},"22":{"start":{"line":23,"column":0},"end":{"line":23,"column":3}},"23":{"start":{"line":24,"column":0},"end":{"line":24,"column":8}},"24":{"start":{"line":25,"column":0},"end":{"line":25,"column":16}},"25":{"start":{"line":26,"column":0},"end":{"line":26,"column":12}},"26":{"start":{"line":27,"column":0},"end":{"line":27,"column":13}},"27":{"start":{"line":28,"column":0},"end":{"line":28,"column":12}},"28":{"start":{"line":29,"column":0},"end":{"line":29,"column":9}},"29":{"start":{"line":30,"column":0},"end":{"line":30,"column":11}},"30":{"start":{"line":31,"column":0},"end":{"line":31,"column":23}},"31":{"start":{"line":32,"column":0},"end":{"line":32,"column":63}},"32":{"start":{"line":33,"column":0},"end":{"line":33,"column":48}},"33":{"start":{"line":34,"column":0},"end":{"line":34,"column":0}},"34":{"start":{"line":35,"column":0},"end":{"line":35,"column":12}},"35":{"start":{"line":36,"column":0},"end":{"line":36,"column":38}},"36":{"start":{"line":37,"column":0},"end":{"line":37,"column":18}},"37":{"start":{"line":38,"column":0},"end":{"line":38,"column":2}},"38":{"start":{"line":39,"column":0},"end":{"line":39,"column":42}},"39":{"start":{"line":40,"column":0},"end":{"line":40,"column":47}},"40":{"start":{"line":41,"column":0},"end":{"line":41,"column":46}},"41":{"start":{"line":42,"column":0},"end":{"line":42,"column":0}},"42":{"start":{"line":43,"column":0},"end":{"line":43,"column":42}},"43":{"start":{"line":44,"column":0},"end":{"line":44,"column":42}},"44":{"start":{"line":45,"column":0},"end":{"line":45,"column":0}},"45":{"start":{"line":46,"column":0},"end":{"line":46,"column":52}},"46":{"start":{"line":47,"column":0},"end":{"line":47,"column":49}},"47":{"start":{"line":48,"column":0},"end":{"line":48,"column":0}},"48":{"start":{"line":49,"column":0},"end":{"line":49,"column":52}},"49":{"start":{"line":50,"column":0},"end":{"line":50,"column":33}},"50":{"start":{"line":51,"column":0},"end":{"line":51,"column":4}},"51":{"start":{"line":52,"column":0},"end":{"line":52,"column":52}},"52":{"start":{"line":53,"column":0},"end":{"line":53,"column":33}},"53":{"start":{"line":54,"column":0},"end":{"line":54,"column":4}},"54":{"start":{"line":55,"column":0},"end":{"line":55,"column":0}},"55":{"start":{"line":56,"column":0},"end":{"line":56,"column":72}},"56":{"start":{"line":57,"column":0},"end":{"line":57,"column":0}},"57":{"start":{"line":58,"column":0},"end":{"line":58,"column":14}},"58":{"start":{"line":59,"column":0},"end":{"line":59,"column":65}},"59":{"start":{"line":60,"column":0},"end":{"line":60,"column":65}},"60":{"start":{"line":61,"column":0},"end":{"line":61,"column":0}},"61":{"start":{"line":62,"column":0},"end":{"line":62,"column":21}},"62":{"start":{"line":63,"column":0},"end":{"line":63,"column":46}},"63":{"start":{"line":64,"column":0},"end":{"line":64,"column":28}},"64":{"start":{"line":65,"column":0},"end":{"line":65,"column":21}},"65":{"start":{"line":66,"column":0},"end":{"line":66,"column":9}},"66":{"start":{"line":67,"column":0},"end":{"line":67,"column":5}},"67":{"start":{"line":68,"column":0},"end":{"line":68,"column":0}},"68":{"start":{"line":69,"column":0},"end":{"line":69,"column":21}},"69":{"start":{"line":70,"column":0},"end":{"line":70,"column":66}},"70":{"start":{"line":71,"column":0},"end":{"line":71,"column":5}},"71":{"start":{"line":72,"column":0},"end":{"line":72,"column":3}},"72":{"start":{"line":73,"column":0},"end":{"line":73,"column":0}},"73":{"start":{"line":74,"column":0},"end":{"line":74,"column":21}},"74":{"start":{"line":75,"column":0},"end":{"line":75,"column":7}},"75":{"start":{"line":76,"column":0},"end":{"line":76,"column":78}},"76":{"start":{"line":77,"column":0},"end":{"line":77,"column":85}},"77":{"start":{"line":78,"column":0},"end":{"line":78,"column":7}},"78":{"start":{"line":79,"column":0},"end":{"line":79,"column":65}},"79":{"start":{"line":80,"column":0},"end":{"line":80,"column":82}},"80":{"start":{"line":81,"column":0},"end":{"line":81,"column":37}},"81":{"start":{"line":82,"column":0},"end":{"line":82,"column":97}},"82":{"start":{"line":83,"column":0},"end":{"line":83,"column":66}},"83":{"start":{"line":84,"column":0},"end":{"line":84,"column":10}},"84":{"start":{"line":85,"column":0},"end":{"line":85,"column":32}},"85":{"start":{"line":86,"column":0},"end":{"line":86,"column":5}},"86":{"start":{"line":87,"column":0},"end":{"line":87,"column":41}},"87":{"start":{"line":88,"column":0},"end":{"line":88,"column":32}},"88":{"start":{"line":89,"column":0},"end":{"line":89,"column":38}},"89":{"start":{"line":90,"column":0},"end":{"line":90,"column":72}},"90":{"start":{"line":91,"column":0},"end":{"line":91,"column":55}},"91":{"start":{"line":92,"column":0},"end":{"line":92,"column":78}},"92":{"start":{"line":93,"column":0},"end":{"line":93,"column":13}},"93":{"start":{"line":94,"column":0},"end":{"line":94,"column":11}},"94":{"start":{"line":95,"column":0},"end":{"line":95,"column":9}},"95":{"start":{"line":96,"column":0},"end":{"line":96,"column":8}},"96":{"start":{"line":97,"column":0},"end":{"line":97,"column":3}},"97":{"start":{"line":98,"column":0},"end":{"line":98,"column":0}},"98":{"start":{"line":99,"column":0},"end":{"line":99,"column":23}},"99":{"start":{"line":100,"column":0},"end":{"line":100,"column":36}},"100":{"start":{"line":101,"column":0},"end":{"line":101,"column":36}},"101":{"start":{"line":102,"column":0},"end":{"line":102,"column":0}},"102":{"start":{"line":103,"column":0},"end":{"line":103,"column":31}},"103":{"start":{"line":104,"column":0},"end":{"line":104,"column":3}},"104":{"start":{"line":105,"column":0},"end":{"line":105,"column":1}}},"s":{"0":1,"1":1,"2":1,"3":1,"4":1,"5":1,"6":1,"7":1,"8":1,"9":1,"10":1,"11":1,"12":1,"13":1,"14":1,"15":1,"16":1,"17":1,"18":1,"19":1,"20":1,"21":1,"22":1,"23":1,"24":1,"25":1,"26":1,"27":1,"28":1,"29":1,"30":1,"31":1,"32":1,"33":1,"34":1,"35":1,"36":1,"37":1,"38":1,"39":1,"40":1,"41":1,"42":1,"43":1,"44":1,"45":1,"46":1,"47":1,"48":1,"49":0,"50":1,"51":1,"52":0,"53":1,"54":1,"55":1,"56":1,"57":1,"58":1,"59":1,"60":1,"61":1,"62":1,"63":1,"64":1,"65":1,"66":1,"67":1,"68":1,"69":1,"70":1,"71":1,"72":1,"73":1,"74":1,"75":1,"76":1,"77":1,"78":1,"79":1,"80":1,"81":0,"82":0,"83":1,"84":1,"85":1,"86":1,"87":0,"88":0,"89":0,"90":0,"91":0,"92":0,"93":0,"94":1,"95":1,"96":1,"97":1,"98":1,"99":1,"100":1,"101":1,"102":1,"103":1,"104":1},"branchMap":{"0":{"type":"branch","line":56,"loc":{"start":{"line":56,"column":2},"end":{"line":56,"column":72}},"locations":[{"start":{"line":56,"column":2},"end":{"line":56,"column":72}}]},"1":{"type":"branch","line":58,"loc":{"start":{"line":58,"column":2},"end":{"line":72,"column":3}},"locations":[{"start":{"line":58,"column":2},"end":{"line":72,"column":3}}]},"2":{"type":"branch","line":74,"loc":{"start":{"line":74,"column":2},"end":{"line":97,"column":3}},"locations":[{"start":{"line":74,"column":2},"end":{"line":97,"column":3}}]},"3":{"type":"branch","line":99,"loc":{"start":{"line":99,"column":2},"end":{"line":104,"column":3}},"locations":[{"start":{"line":99,"column":2},"end":{"line":104,"column":3}}]}},"b":{"0":[1],"1":[1],"2":[1],"3":[1]},"fnMap":{"0":{"name":"EventsListResponsiveDirective","decl":{"start":{"line":56,"column":2},"end":{"line":56,"column":72}},"loc":{"start":{"line":56,"column":2},"end":{"line":56,"column":72}},"line":56},"1":{"name":"ngOnInit","decl":{"start":{"line":58,"column":2},"end":{"line":72,"column":3}},"loc":{"start":{"line":58,"column":2},"end":{"line":72,"column":3}},"line":58},"2":{"name":"ngAfterViewInit","decl":{"start":{"line":74,"column":2},"end":{"line":97,"column":3}},"loc":{"start":{"line":74,"column":2},"end":{"line":97,"column":3}},"line":74},"3":{"name":"ngOnDestroy","decl":{"start":{"line":99,"column":2},"end":{"line":104,"column":3}},"loc":{"start":{"line":99,"column":2},"end":{"line":104,"column":3}},"line":99}},"f":{"0":1,"1":1,"2":1,"3":1}},"/Users/markus/Projects/IntelliJ/ethereum-event-scan/src/app/components/events-table/events-table.component.ts":{"path":"/Users/markus/Projects/IntelliJ/ethereum-event-scan/src/app/components/events-table/events-table.component.ts","all":false,"statementMap":{"0":{"start":{"line":1,"column":0},"end":{"line":1,"column":80}},"1":{"start":{"line":2,"column":0},"end":{"line":2,"column":63}},"2":{"start":{"line":3,"column":0},"end":{"line":3,"column":59}},"3":{"start":{"line":4,"column":0},"end":{"line":4,"column":47}},"4":{"start":{"line":5,"column":0},"end":{"line":5,"column":57}},"5":{"start":{"line":6,"column":0},"end":{"line":6,"column":53}},"6":{"start":{"line":7,"column":0},"end":{"line":7,"column":45}},"7":{"start":{"line":8,"column":0},"end":{"line":8,"column":75}},"8":{"start":{"line":9,"column":0},"end":{"line":9,"column":55}},"9":{"start":{"line":10,"column":0},"end":{"line":10,"column":63}},"10":{"start":{"line":11,"column":0},"end":{"line":11,"column":68}},"11":{"start":{"line":12,"column":0},"end":{"line":12,"column":64}},"12":{"start":{"line":13,"column":0},"end":{"line":13,"column":55}},"13":{"start":{"line":14,"column":0},"end":{"line":14,"column":55}},"14":{"start":{"line":15,"column":0},"end":{"line":15,"column":53}},"15":{"start":{"line":16,"column":0},"end":{"line":16,"column":63}},"16":{"start":{"line":17,"column":0},"end":{"line":17,"column":8}},"17":{"start":{"line":18,"column":0},"end":{"line":18,"column":33}},"18":{"start":{"line":19,"column":0},"end":{"line":19,"column":55}},"19":{"start":{"line":20,"column":0},"end":{"line":20,"column":62}},"20":{"start":{"line":21,"column":0},"end":{"line":21,"column":51}},"21":{"start":{"line":22,"column":0},"end":{"line":22,"column":0}},"22":{"start":{"line":23,"column":0},"end":{"line":23,"column":12}},"23":{"start":{"line":24,"column":0},"end":{"line":24,"column":32}},"24":{"start":{"line":25,"column":0},"end":{"line":25,"column":21}},"25":{"start":{"line":26,"column":0},"end":{"line":26,"column":14}},"26":{"start":{"line":27,"column":0},"end":{"line":27,"column":21}},"27":{"start":{"line":28,"column":0},"end":{"line":28,"column":25}},"28":{"start":{"line":29,"column":0},"end":{"line":29,"column":28}},"29":{"start":{"line":30,"column":0},"end":{"line":30,"column":27}},"30":{"start":{"line":31,"column":0},"end":{"line":31,"column":29}},"31":{"start":{"line":32,"column":0},"end":{"line":32,"column":27}},"32":{"start":{"line":33,"column":0},"end":{"line":33,"column":23}},"33":{"start":{"line":34,"column":0},"end":{"line":34,"column":23}},"34":{"start":{"line":35,"column":0},"end":{"line":35,"column":22}},"35":{"start":{"line":36,"column":0},"end":{"line":36,"column":27}},"36":{"start":{"line":37,"column":0},"end":{"line":37,"column":38}},"37":{"start":{"line":38,"column":0},"end":{"line":38,"column":23}},"38":{"start":{"line":39,"column":0},"end":{"line":39,"column":6}},"39":{"start":{"line":40,"column":0},"end":{"line":40,"column":49}},"40":{"start":{"line":41,"column":0},"end":{"line":41,"column":48}},"41":{"start":{"line":42,"column":0},"end":{"line":42,"column":2}},"42":{"start":{"line":43,"column":0},"end":{"line":43,"column":53}},"43":{"start":{"line":44,"column":0},"end":{"line":44,"column":0}},"44":{"start":{"line":45,"column":0},"end":{"line":45,"column":33}},"45":{"start":{"line":46,"column":0},"end":{"line":46,"column":0}},"46":{"start":{"line":47,"column":0},"end":{"line":47,"column":39}},"47":{"start":{"line":48,"column":0},"end":{"line":48,"column":0}},"48":{"start":{"line":49,"column":0},"end":{"line":49,"column":97}},"49":{"start":{"line":50,"column":0},"end":{"line":50,"column":0}},"50":{"start":{"line":51,"column":0},"end":{"line":51,"column":50}},"51":{"start":{"line":52,"column":0},"end":{"line":52,"column":0}},"52":{"start":{"line":53,"column":0},"end":{"line":53,"column":65}},"53":{"start":{"line":54,"column":0},"end":{"line":54,"column":0}},"54":{"start":{"line":55,"column":0},"end":{"line":55,"column":28}},"55":{"start":{"line":56,"column":0},"end":{"line":56,"column":0}},"56":{"start":{"line":57,"column":0},"end":{"line":57,"column":27}},"57":{"start":{"line":58,"column":0},"end":{"line":58,"column":0}},"58":{"start":{"line":59,"column":0},"end":{"line":59,"column":36}},"59":{"start":{"line":60,"column":0},"end":{"line":60,"column":0}},"60":{"start":{"line":61,"column":0},"end":{"line":61,"column":40}},"61":{"start":{"line":62,"column":0},"end":{"line":62,"column":43}},"62":{"start":{"line":63,"column":0},"end":{"line":63,"column":46}},"63":{"start":{"line":64,"column":0},"end":{"line":64,"column":42}},"64":{"start":{"line":65,"column":0},"end":{"line":65,"column":41}},"65":{"start":{"line":66,"column":0},"end":{"line":66,"column":0}},"66":{"start":{"line":67,"column":0},"end":{"line":67,"column":55}},"67":{"start":{"line":68,"column":0},"end":{"line":68,"column":59}},"68":{"start":{"line":69,"column":0},"end":{"line":69,"column":0}},"69":{"start":{"line":70,"column":0},"end":{"line":70,"column":52}},"70":{"start":{"line":71,"column":0},"end":{"line":71,"column":38}},"71":{"start":{"line":72,"column":0},"end":{"line":72,"column":53}},"72":{"start":{"line":73,"column":0},"end":{"line":73,"column":20}},"73":{"start":{"line":74,"column":0},"end":{"line":74,"column":36}},"74":{"start":{"line":75,"column":0},"end":{"line":75,"column":13}},"75":{"start":{"line":76,"column":0},"end":{"line":76,"column":11}},"76":{"start":{"line":77,"column":0},"end":{"line":77,"column":5}},"77":{"start":{"line":78,"column":0},"end":{"line":78,"column":0}},"78":{"start":{"line":79,"column":0},"end":{"line":79,"column":16}},"79":{"start":{"line":80,"column":0},"end":{"line":80,"column":0}},"80":{"start":{"line":81,"column":0},"end":{"line":81,"column":50}},"81":{"start":{"line":82,"column":0},"end":{"line":82,"column":0}},"82":{"start":{"line":83,"column":0},"end":{"line":83,"column":63}},"83":{"start":{"line":84,"column":0},"end":{"line":84,"column":42}},"84":{"start":{"line":85,"column":0},"end":{"line":85,"column":70}},"85":{"start":{"line":86,"column":0},"end":{"line":86,"column":19}},"86":{"start":{"line":87,"column":0},"end":{"line":87,"column":0}},"87":{"start":{"line":88,"column":0},"end":{"line":88,"column":39}},"88":{"start":{"line":89,"column":0},"end":{"line":89,"column":0}},"89":{"start":{"line":90,"column":0},"end":{"line":90,"column":70}},"90":{"start":{"line":91,"column":0},"end":{"line":91,"column":0}},"91":{"start":{"line":92,"column":0},"end":{"line":92,"column":0}},"92":{"start":{"line":93,"column":0},"end":{"line":93,"column":43}},"93":{"start":{"line":94,"column":0},"end":{"line":94,"column":0}},"94":{"start":{"line":95,"column":0},"end":{"line":95,"column":0}},"95":{"start":{"line":96,"column":0},"end":{"line":96,"column":53}},"96":{"start":{"line":97,"column":0},"end":{"line":97,"column":50}},"97":{"start":{"line":98,"column":0},"end":{"line":98,"column":76}},"98":{"start":{"line":99,"column":0},"end":{"line":99,"column":68}},"99":{"start":{"line":100,"column":0},"end":{"line":100,"column":40}},"100":{"start":{"line":101,"column":0},"end":{"line":101,"column":68}},"101":{"start":{"line":102,"column":0},"end":{"line":102,"column":74}},"102":{"start":{"line":103,"column":0},"end":{"line":103,"column":19}},"103":{"start":{"line":104,"column":0},"end":{"line":104,"column":14}},"104":{"start":{"line":105,"column":0},"end":{"line":105,"column":11}},"105":{"start":{"line":106,"column":0},"end":{"line":106,"column":0}},"106":{"start":{"line":107,"column":0},"end":{"line":107,"column":5}},"107":{"start":{"line":108,"column":0},"end":{"line":108,"column":0}},"108":{"start":{"line":109,"column":0},"end":{"line":109,"column":25}},"109":{"start":{"line":110,"column":0},"end":{"line":110,"column":53}},"110":{"start":{"line":111,"column":0},"end":{"line":111,"column":18}},"111":{"start":{"line":112,"column":0},"end":{"line":112,"column":52}},"112":{"start":{"line":113,"column":0},"end":{"line":113,"column":38}},"113":{"start":{"line":114,"column":0},"end":{"line":114,"column":39}},"114":{"start":{"line":115,"column":0},"end":{"line":115,"column":52}},"115":{"start":{"line":116,"column":0},"end":{"line":116,"column":44}},"116":{"start":{"line":117,"column":0},"end":{"line":117,"column":15}},"117":{"start":{"line":118,"column":0},"end":{"line":118,"column":39}},"118":{"start":{"line":119,"column":0},"end":{"line":119,"column":31}},"119":{"start":{"line":120,"column":0},"end":{"line":120,"column":9}},"120":{"start":{"line":121,"column":0},"end":{"line":121,"column":5}},"121":{"start":{"line":122,"column":0},"end":{"line":122,"column":0}},"122":{"start":{"line":123,"column":0},"end":{"line":123,"column":19}},"123":{"start":{"line":124,"column":0},"end":{"line":124,"column":67}},"124":{"start":{"line":125,"column":0},"end":{"line":125,"column":5}},"125":{"start":{"line":126,"column":0},"end":{"line":126,"column":0}},"126":{"start":{"line":127,"column":0},"end":{"line":127,"column":20}},"127":{"start":{"line":128,"column":0},"end":{"line":128,"column":22}},"128":{"start":{"line":129,"column":0},"end":{"line":129,"column":48}},"129":{"start":{"line":130,"column":0},"end":{"line":130,"column":74}},"130":{"start":{"line":131,"column":0},"end":{"line":131,"column":9}},"131":{"start":{"line":132,"column":0},"end":{"line":132,"column":34}},"132":{"start":{"line":133,"column":0},"end":{"line":133,"column":109}},"133":{"start":{"line":134,"column":0},"end":{"line":134,"column":94}},"134":{"start":{"line":135,"column":0},"end":{"line":135,"column":9}},"135":{"start":{"line":136,"column":0},"end":{"line":136,"column":36}},"136":{"start":{"line":137,"column":0},"end":{"line":137,"column":5}},"137":{"start":{"line":138,"column":0},"end":{"line":138,"column":0}},"138":{"start":{"line":139,"column":0},"end":{"line":139,"column":34}},"139":{"start":{"line":140,"column":0},"end":{"line":140,"column":16}},"140":{"start":{"line":141,"column":0},"end":{"line":141,"column":45}},"141":{"start":{"line":142,"column":0},"end":{"line":142,"column":5}},"142":{"start":{"line":143,"column":0},"end":{"line":143,"column":0}},"143":{"start":{"line":144,"column":0},"end":{"line":144,"column":36}},"144":{"start":{"line":145,"column":0},"end":{"line":145,"column":0}},"145":{"start":{"line":146,"column":0},"end":{"line":146,"column":67}},"146":{"start":{"line":147,"column":0},"end":{"line":147,"column":48}},"147":{"start":{"line":148,"column":0},"end":{"line":148,"column":24}},"148":{"start":{"line":149,"column":0},"end":{"line":149,"column":9}},"149":{"start":{"line":150,"column":0},"end":{"line":150,"column":0}},"150":{"start":{"line":151,"column":0},"end":{"line":151,"column":56}},"151":{"start":{"line":152,"column":0},"end":{"line":152,"column":94}},"152":{"start":{"line":153,"column":0},"end":{"line":153,"column":0}},"153":{"start":{"line":154,"column":0},"end":{"line":154,"column":43}},"154":{"start":{"line":155,"column":0},"end":{"line":155,"column":53}},"155":{"start":{"line":156,"column":0},"end":{"line":156,"column":0}},"156":{"start":{"line":157,"column":0},"end":{"line":157,"column":70}},"157":{"start":{"line":158,"column":0},"end":{"line":158,"column":60}},"158":{"start":{"line":159,"column":0},"end":{"line":159,"column":5}},"159":{"start":{"line":160,"column":0},"end":{"line":160,"column":0}},"160":{"start":{"line":161,"column":0},"end":{"line":161,"column":19}},"161":{"start":{"line":162,"column":0},"end":{"line":162,"column":48}},"162":{"start":{"line":163,"column":0},"end":{"line":163,"column":5}},"163":{"start":{"line":164,"column":0},"end":{"line":164,"column":0}},"164":{"start":{"line":165,"column":0},"end":{"line":165,"column":82}},"165":{"start":{"line":166,"column":0},"end":{"line":166,"column":20}},"166":{"start":{"line":167,"column":0},"end":{"line":167,"column":35}},"167":{"start":{"line":168,"column":0},"end":{"line":168,"column":9}},"168":{"start":{"line":169,"column":0},"end":{"line":169,"column":107}},"169":{"start":{"line":170,"column":0},"end":{"line":170,"column":69}},"170":{"start":{"line":171,"column":0},"end":{"line":171,"column":27}},"171":{"start":{"line":172,"column":0},"end":{"line":172,"column":28}},"172":{"start":{"line":173,"column":0},"end":{"line":173,"column":29}},"173":{"start":{"line":174,"column":0},"end":{"line":174,"column":11}},"174":{"start":{"line":175,"column":0},"end":{"line":175,"column":5}},"175":{"start":{"line":176,"column":0},"end":{"line":176,"column":1}}},"s":{"0":1,"1":1,"2":1,"3":1,"4":1,"5":1,"6":1,"7":1,"8":1,"9":1,"10":1,"11":1,"12":1,"13":1,"14":1,"15":1,"16":1,"17":1,"18":1,"19":1,"20":1,"21":1,"22":1,"23":1,"24":1,"25":1,"26":1,"27":1,"28":1,"29":1,"30":1,"31":1,"32":1,"33":1,"34":1,"35":1,"36":1,"37":1,"38":1,"39":1,"40":1,"41":1,"42":1,"43":1,"44":1,"45":1,"46":1,"47":1,"48":1,"49":1,"50":1,"51":1,"52":1,"53":1,"54":1,"55":1,"56":1,"57":1,"58":1,"59":1,"60":1,"61":10,"62":10,"63":10,"64":10,"65":10,"66":10,"67":10,"68":10,"69":10,"70":10,"71":0,"72":10,"73":10,"74":10,"75":10,"76":10,"77":1,"78":1,"79":1,"80":1,"81":1,"82":1,"83":1,"84":1,"85":1,"86":1,"87":1,"88":1,"89":1,"90":1,"91":1,"92":1,"93":1,"94":1,"95":1,"96":1,"97":1,"98":1,"99":2,"100":2,"101":1,"102":1,"103":1,"104":1,"105":1,"106":1,"107":1,"108":1,"109":1,"110":1,"111":1,"112":1,"113":1,"114":1,"115":1,"116":1,"117":1,"118":1,"119":1,"120":1,"121":1,"122":1,"123":2,"124":2,"125":1,"126":1,"127":2,"128":2,"129":0,"130":0,"131":2,"132":2,"133":1,"134":1,"135":2,"136":2,"137":1,"138":1,"139":1,"140":1,"141":1,"142":1,"143":1,"144":3,"145":3,"146":3,"147":1,"148":1,"149":2,"150":3,"151":3,"152":3,"153":3,"154":3,"155":3,"156":3,"157":3,"158":3,"159":1,"160":1,"161":2,"162":2,"163":1,"164":1,"165":1,"166":0,"167":0,"168":1,"169":1,"170":1,"171":1,"172":1,"173":1,"174":1,"175":1},"branchMap":{"0":{"type":"branch","line":61,"loc":{"start":{"line":61,"column":4},"end":{"line":77,"column":5}},"locations":[{"start":{"line":61,"column":4},"end":{"line":77,"column":5}}]},"1":{"type":"branch","line":70,"loc":{"start":{"line":70,"column":41},"end":{"line":76,"column":9}},"locations":[{"start":{"line":70,"column":41},"end":{"line":76,"column":9}}]},"2":{"type":"branch","line":71,"loc":{"start":{"line":71,"column":37},"end":{"line":73,"column":13}},"locations":[{"start":{"line":71,"column":37},"end":{"line":73,"column":13}}]},"3":{"type":"branch","line":79,"loc":{"start":{"line":79,"column":4},"end":{"line":107,"column":5}},"locations":[{"start":{"line":79,"column":4},"end":{"line":107,"column":5}}]},"4":{"type":"branch","line":81,"loc":{"start":{"line":81,"column":43},"end":{"line":105,"column":9}},"locations":[{"start":{"line":81,"column":43},"end":{"line":105,"column":9}}]},"5":{"type":"branch","line":84,"loc":{"start":{"line":84,"column":22},"end":{"line":86,"column":17}},"locations":[{"start":{"line":84,"column":22},"end":{"line":86,"column":17}}]},"6":{"type":"branch","line":98,"loc":{"start":{"line":98,"column":44},"end":{"line":104,"column":13}},"locations":[{"start":{"line":98,"column":44},"end":{"line":104,"column":13}}]},"7":{"type":"branch","line":99,"loc":{"start":{"line":99,"column":50},"end":{"line":103,"column":17}},"locations":[{"start":{"line":99,"column":50},"end":{"line":103,"column":17}}]},"8":{"type":"branch","line":101,"loc":{"start":{"line":101,"column":39},"end":{"line":101,"column":53}},"locations":[{"start":{"line":101,"column":39},"end":{"line":101,"column":53}}]},"9":{"type":"branch","line":101,"loc":{"start":{"line":101,"column":55},"end":{"line":103,"column":17}},"locations":[{"start":{"line":101,"column":55},"end":{"line":103,"column":17}}]},"10":{"type":"branch","line":109,"loc":{"start":{"line":109,"column":4},"end":{"line":121,"column":5}},"locations":[{"start":{"line":109,"column":4},"end":{"line":121,"column":5}}]},"11":{"type":"branch","line":123,"loc":{"start":{"line":123,"column":4},"end":{"line":125,"column":5}},"locations":[{"start":{"line":123,"column":4},"end":{"line":125,"column":5}}]},"12":{"type":"branch","line":127,"loc":{"start":{"line":127,"column":4},"end":{"line":137,"column":5}},"locations":[{"start":{"line":127,"column":4},"end":{"line":137,"column":5}}]},"13":{"type":"branch","line":129,"loc":{"start":{"line":129,"column":47},"end":{"line":131,"column":9}},"locations":[{"start":{"line":129,"column":47},"end":{"line":131,"column":9}}]},"14":{"type":"branch","line":133,"loc":{"start":{"line":133,"column":84},"end":{"line":133,"column":106}},"locations":[{"start":{"line":133,"column":84},"end":{"line":133,"column":106}}]},"15":{"type":"branch","line":133,"loc":{"start":{"line":133,"column":108},"end":{"line":135,"column":9}},"locations":[{"start":{"line":133,"column":108},"end":{"line":135,"column":9}}]},"16":{"type":"branch","line":140,"loc":{"start":{"line":140,"column":4},"end":{"line":142,"column":5}},"locations":[{"start":{"line":140,"column":4},"end":{"line":142,"column":5}}]},"17":{"type":"branch","line":144,"loc":{"start":{"line":144,"column":4},"end":{"line":159,"column":5}},"locations":[{"start":{"line":144,"column":4},"end":{"line":159,"column":5}}]},"18":{"type":"branch","line":147,"loc":{"start":{"line":147,"column":27},"end":{"line":147,"column":45}},"locations":[{"start":{"line":147,"column":27},"end":{"line":147,"column":45}}]},"19":{"type":"branch","line":147,"loc":{"start":{"line":147,"column":47},"end":{"line":149,"column":9}},"locations":[{"start":{"line":147,"column":47},"end":{"line":149,"column":9}}]},"20":{"type":"branch","line":150,"loc":{"start":{"line":150,"column":-1},"end":{"line":151,"column":54}},"locations":[{"start":{"line":150,"column":-1},"end":{"line":151,"column":54}}]},"21":{"type":"branch","line":151,"loc":{"start":{"line":151,"column":50},"end":{"line":151,"column":55}},"locations":[{"start":{"line":151,"column":50},"end":{"line":151,"column":55}}]},"22":{"type":"branch","line":152,"loc":{"start":{"line":152,"column":48},"end":{"line":152,"column":93}},"locations":[{"start":{"line":152,"column":48},"end":{"line":152,"column":93}}]},"23":{"type":"branch","line":158,"loc":{"start":{"line":158,"column":35},"end":{"line":158,"column":59}},"locations":[{"start":{"line":158,"column":35},"end":{"line":158,"column":59}}]},"24":{"type":"branch","line":161,"loc":{"start":{"line":161,"column":4},"end":{"line":163,"column":5}},"locations":[{"start":{"line":161,"column":4},"end":{"line":163,"column":5}}]},"25":{"type":"branch","line":165,"loc":{"start":{"line":165,"column":11},"end":{"line":175,"column":5}},"locations":[{"start":{"line":165,"column":11},"end":{"line":175,"column":5}}]},"26":{"type":"branch","line":166,"loc":{"start":{"line":166,"column":19},"end":{"line":168,"column":9}},"locations":[{"start":{"line":166,"column":19},"end":{"line":168,"column":9}}]}},"b":{"0":[10],"1":[10],"2":[0],"3":[1],"4":[1],"5":[1],"6":[1],"7":[2],"8":[1],"9":[1],"10":[1],"11":[2],"12":[2],"13":[0],"14":[1],"15":[1],"16":[1],"17":[3],"18":[2],"19":[1],"20":[2],"21":[0],"22":[0],"23":[2],"24":[2],"25":[1],"26":[0]},"fnMap":{"0":{"name":"EventsTableComponent","decl":{"start":{"line":61,"column":4},"end":{"line":77,"column":5}},"loc":{"start":{"line":61,"column":4},"end":{"line":77,"column":5}},"line":61},"1":{"name":"ngOnInit","decl":{"start":{"line":79,"column":4},"end":{"line":107,"column":5}},"loc":{"start":{"line":79,"column":4},"end":{"line":107,"column":5}},"line":79},"2":{"name":"listData.filterPredicate","decl":{"start":{"line":98,"column":44},"end":{"line":104,"column":13}},"loc":{"start":{"line":98,"column":44},"end":{"line":104,"column":13}},"line":98},"3":{"name":"updateSearchValue","decl":{"start":{"line":109,"column":4},"end":{"line":121,"column":5}},"loc":{"start":{"line":109,"column":4},"end":{"line":121,"column":5}},"line":109},"4":{"name":"applyFilter","decl":{"start":{"line":123,"column":4},"end":{"line":125,"column":5}},"loc":{"start":{"line":123,"column":4},"end":{"line":125,"column":5}},"line":123},"5":{"name":"panelMessage","decl":{"start":{"line":127,"column":4},"end":{"line":137,"column":5}},"loc":{"start":{"line":127,"column":4},"end":{"line":137,"column":5}},"line":127},"6":{"name":"onResize","decl":{"start":{"line":140,"column":4},"end":{"line":142,"column":5}},"loc":{"start":{"line":140,"column":4},"end":{"line":142,"column":5}},"line":140},"7":{"name":"isElementVisible","decl":{"start":{"line":144,"column":4},"end":{"line":159,"column":5}},"loc":{"start":{"line":144,"column":4},"end":{"line":159,"column":5}},"line":144},"8":{"name":"showSpinner","decl":{"start":{"line":161,"column":4},"end":{"line":163,"column":5}},"loc":{"start":{"line":161,"column":4},"end":{"line":163,"column":5}},"line":161},"9":{"name":"openDetailsDialog","decl":{"start":{"line":165,"column":11},"end":{"line":175,"column":5}},"loc":{"start":{"line":165,"column":11},"end":{"line":175,"column":5}},"line":165}},"f":{"0":10,"1":1,"2":1,"3":1,"4":2,"5":2,"6":1,"7":3,"8":2,"9":1}},"/Users/markus/Projects/IntelliJ/ethereum-event-scan/src/app/components/events-table/pipes/highlight-search.pipe.ts":{"path":"/Users/markus/Projects/IntelliJ/ethereum-event-scan/src/app/components/events-table/pipes/highlight-search.pipe.ts","all":false,"statementMap":{"0":{"start":{"line":1,"column":0},"end":{"line":1,"column":3}},"1":{"start":{"line":2,"column":0},"end":{"line":2,"column":14}},"2":{"start":{"line":3,"column":0},"end":{"line":3,"column":2}},"3":{"start":{"line":4,"column":0},"end":{"line":4,"column":68}},"4":{"start":{"line":5,"column":0},"end":{"line":5,"column":2}},"5":{"start":{"line":6,"column":0},"end":{"line":6,"column":79}},"6":{"start":{"line":7,"column":0},"end":{"line":7,"column":80}},"7":{"start":{"line":8,"column":0},"end":{"line":8,"column":79}},"8":{"start":{"line":9,"column":0},"end":{"line":9,"column":76}},"9":{"start":{"line":10,"column":0},"end":{"line":10,"column":72}},"10":{"start":{"line":11,"column":0},"end":{"line":11,"column":59}},"11":{"start":{"line":12,"column":0},"end":{"line":12,"column":2}},"12":{"start":{"line":13,"column":0},"end":{"line":13,"column":81}},"13":{"start":{"line":14,"column":0},"end":{"line":14,"column":50}},"14":{"start":{"line":15,"column":0},"end":{"line":15,"column":2}},"15":{"start":{"line":16,"column":0},"end":{"line":16,"column":77}},"16":{"start":{"line":17,"column":0},"end":{"line":17,"column":75}},"17":{"start":{"line":18,"column":0},"end":{"line":18,"column":78}},"18":{"start":{"line":19,"column":0},"end":{"line":19,"column":73}},"19":{"start":{"line":20,"column":0},"end":{"line":20,"column":80}},"20":{"start":{"line":21,"column":0},"end":{"line":21,"column":80}},"21":{"start":{"line":22,"column":0},"end":{"line":22,"column":12}},"22":{"start":{"line":23,"column":0},"end":{"line":23,"column":3}},"23":{"start":{"line":24,"column":0},"end":{"line":24,"column":50}},"24":{"start":{"line":25,"column":0},"end":{"line":25,"column":0}},"25":{"start":{"line":26,"column":0},"end":{"line":26,"column":7}},"26":{"start":{"line":27,"column":0},"end":{"line":27,"column":20}},"27":{"start":{"line":28,"column":0},"end":{"line":28,"column":18}},"28":{"start":{"line":29,"column":0},"end":{"line":29,"column":2}},"29":{"start":{"line":30,"column":0},"end":{"line":30,"column":0}},"30":{"start":{"line":31,"column":0},"end":{"line":31,"column":55}},"31":{"start":{"line":32,"column":0},"end":{"line":32,"column":0}},"32":{"start":{"line":33,"column":0},"end":{"line":33,"column":41}},"33":{"start":{"line":34,"column":0},"end":{"line":34,"column":16}},"34":{"start":{"line":35,"column":0},"end":{"line":35,"column":19}},"35":{"start":{"line":36,"column":0},"end":{"line":36,"column":5}},"36":{"start":{"line":37,"column":0},"end":{"line":37,"column":42}},"37":{"start":{"line":38,"column":0},"end":{"line":38,"column":52}},"38":{"start":{"line":39,"column":0},"end":{"line":39,"column":3}},"39":{"start":{"line":40,"column":0},"end":{"line":40,"column":1}}},"s":{"0":1,"1":1,"2":1,"3":1,"4":1,"5":1,"6":1,"7":1,"8":1,"9":1,"10":1,"11":1,"12":1,"13":1,"14":1,"15":1,"16":1,"17":1,"18":1,"19":1,"20":1,"21":1,"22":1,"23":1,"24":1,"25":1,"26":1,"27":1,"28":1,"29":1,"30":1,"31":1,"32":1,"33":3,"34":2,"35":2,"36":1,"37":1,"38":1,"39":1},"branchMap":{"0":{"type":"branch","line":33,"loc":{"start":{"line":33,"column":2},"end":{"line":39,"column":3}},"locations":[{"start":{"line":33,"column":2},"end":{"line":39,"column":3}}]},"1":{"type":"branch","line":34,"loc":{"start":{"line":34,"column":15},"end":{"line":36,"column":5}},"locations":[{"start":{"line":34,"column":15},"end":{"line":36,"column":5}}]},"2":{"type":"branch","line":37,"loc":{"start":{"line":37,"column":-1},"end":{"line":39,"column":3}},"locations":[{"start":{"line":37,"column":-1},"end":{"line":39,"column":3}}]}},"b":{"0":[3],"1":[2],"2":[1]},"fnMap":{"0":{"name":"transform","decl":{"start":{"line":33,"column":2},"end":{"line":39,"column":3}},"loc":{"start":{"line":33,"column":2},"end":{"line":39,"column":3}},"line":33}},"f":{"0":3}},"/Users/markus/Projects/IntelliJ/ethereum-event-scan/src/app/components/modal-dialog/modal-dialog-content.component.ts":{"path":"/Users/markus/Projects/IntelliJ/ethereum-event-scan/src/app/components/modal-dialog/modal-dialog-content.component.ts","all":false,"statementMap":{"0":{"start":{"line":1,"column":0},"end":{"line":1,"column":74}},"1":{"start":{"line":2,"column":0},"end":{"line":2,"column":45}},"2":{"start":{"line":3,"column":0},"end":{"line":3,"column":58}},"3":{"start":{"line":4,"column":0},"end":{"line":4,"column":52}},"4":{"start":{"line":5,"column":0},"end":{"line":5,"column":0}},"5":{"start":{"line":6,"column":0},"end":{"line":6,"column":12}},"6":{"start":{"line":7,"column":0},"end":{"line":7,"column":34}},"7":{"start":{"line":8,"column":0},"end":{"line":8,"column":19}},"8":{"start":{"line":9,"column":0},"end":{"line":9,"column":26}},"9":{"start":{"line":10,"column":0},"end":{"line":10,"column":55}},"10":{"start":{"line":11,"column":0},"end":{"line":11,"column":54}},"11":{"start":{"line":12,"column":0},"end":{"line":12,"column":2}},"12":{"start":{"line":13,"column":0},"end":{"line":13,"column":60}},"13":{"start":{"line":14,"column":0},"end":{"line":14,"column":0}},"14":{"start":{"line":15,"column":0},"end":{"line":15,"column":48}},"15":{"start":{"line":16,"column":0},"end":{"line":16,"column":0}},"16":{"start":{"line":17,"column":0},"end":{"line":17,"column":10}},"17":{"start":{"line":18,"column":0},"end":{"line":18,"column":36}},"18":{"start":{"line":19,"column":0},"end":{"line":19,"column":0}},"19":{"start":{"line":20,"column":0},"end":{"line":20,"column":24}},"20":{"start":{"line":21,"column":0},"end":{"line":21,"column":0}},"21":{"start":{"line":22,"column":0},"end":{"line":22,"column":26}},"22":{"start":{"line":23,"column":0},"end":{"line":23,"column":0}},"23":{"start":{"line":24,"column":0},"end":{"line":24,"column":13}},"24":{"start":{"line":25,"column":0},"end":{"line":25,"column":0}}
[...]
t":{"line":97,"column":0},"end":{"line":97,"column":33}},"97":{"start":{"line":98,"column":0},"end":{"line":98,"column":9}},"98":{"start":{"line":99,"column":0},"end":{"line":99,"column":7}},"99":{"start":{"line":100,"column":0},"end":{"line":100,"column":0}},"100":{"start":{"line":101,"column":0},"end":{"line":101,"column":73}},"101":{"start":{"line":102,"column":0},"end":{"line":102,"column":37}},"102":{"start":{"line":103,"column":0},"end":{"line":103,"column":38}},"103":{"start":{"line":104,"column":0},"end":{"line":104,"column":40}},"104":{"start":{"line":105,"column":0},"end":{"line":105,"column":65}},"105":{"start":{"line":106,"column":0},"end":{"line":106,"column":34}},"106":{"start":{"line":107,"column":0},"end":{"line":107,"column":56}},"107":{"start":{"line":108,"column":0},"end":{"line":108,"column":33}},"108":{"start":{"line":109,"column":0},"end":{"line":109,"column":11}},"109":{"start":{"line":110,"column":0},"end":{"line":110,"column":9}},"110":{"start":{"line":111,"column":0},"end":{"line":111,"column":7}},"111":{"start":{"line":112,"column":0},"end":{"line":112,"column":0}},"112":{"start":{"line":113,"column":0},"end":{"line":113,"column":59}},"113":{"start":{"line":114,"column":0},"end":{"line":114,"column":41}},"114":{"start":{"line":115,"column":0},"end":{"line":115,"column":72}},"115":{"start":{"line":116,"column":0},"end":{"line":116,"column":7}},"116":{"start":{"line":117,"column":0},"end":{"line":117,"column":0}},"117":{"start":{"line":118,"column":0},"end":{"line":118,"column":66}},"118":{"start":{"line":119,"column":0},"end":{"line":119,"column":61}},"119":{"start":{"line":120,"column":0},"end":{"line":120,"column":47}},"120":{"start":{"line":121,"column":0},"end":{"line":121,"column":0}},"121":{"start":{"line":122,"column":0},"end":{"line":122,"column":17}},"122":{"start":{"line":123,"column":0},"end":{"line":123,"column":33}},"123":{"start":{"line":124,"column":0},"end":{"line":124,"column":5}},"124":{"start":{"line":125,"column":0},"end":{"line":125,"column":3}},"125":{"start":{"line":126,"column":0},"end":{"line":126,"column":0}},"126":{"start":{"line":127,"column":0},"end":{"line":127,"column":5}},"127":{"start":{"line":128,"column":0},"end":{"line":128,"column":99}},"128":{"start":{"line":129,"column":0},"end":{"line":129,"column":5}},"129":{"start":{"line":130,"column":0},"end":{"line":130,"column":57}},"130":{"start":{"line":131,"column":0},"end":{"line":131,"column":57}},"131":{"start":{"line":132,"column":0},"end":{"line":132,"column":20}},"132":{"start":{"line":133,"column":0},"end":{"line":133,"column":29}},"133":{"start":{"line":134,"column":0},"end":{"line":134,"column":60}},"134":{"start":{"line":135,"column":0},"end":{"line":135,"column":58}},"135":{"start":{"line":136,"column":0},"end":{"line":136,"column":67}},"136":{"start":{"line":137,"column":0},"end":{"line":137,"column":5}},"137":{"start":{"line":138,"column":0},"end":{"line":138,"column":44}},"138":{"start":{"line":139,"column":0},"end":{"line":139,"column":89}},"139":{"start":{"line":140,"column":0},"end":{"line":140,"column":3}},"140":{"start":{"line":141,"column":0},"end":{"line":141,"column":0}},"141":{"start":{"line":142,"column":0},"end":{"line":142,"column":81}},"142":{"start":{"line":143,"column":0},"end":{"line":143,"column":45}},"143":{"start":{"line":144,"column":0},"end":{"line":144,"column":9}},"144":{"start":{"line":145,"column":0},"end":{"line":145,"column":83}},"145":{"start":{"line":146,"column":0},"end":{"line":146,"column":110}},"146":{"start":{"line":147,"column":0},"end":{"line":147,"column":32}},"147":{"start":{"line":148,"column":0},"end":{"line":148,"column":3}},"148":{"start":{"line":149,"column":0},"end":{"line":149,"column":0}},"149":{"start":{"line":150,"column":0},"end":{"line":150,"column":72}},"150":{"start":{"line":151,"column":0},"end":{"line":151,"column":0}},"151":{"start":{"line":152,"column":0},"end":{"line":152,"column":24}},"152":{"start":{"line":153,"column":0},"end":{"line":153,"column":33}},"153":{"start":{"line":154,"column":0},"end":{"line":154,"column":39}},"154":{"start":{"line":155,"column":0},"end":{"line":155,"column":41}},"155":{"start":{"line":156,"column":0},"end":{"line":156,"column":40}},"156":{"start":{"line":157,"column":0},"end":{"line":157,"column":41}},"157":{"start":{"line":158,"column":0},"end":{"line":158,"column":6}},"158":{"start":{"line":159,"column":0},"end":{"line":159,"column":0}},"159":{"start":{"line":160,"column":0},"end":{"line":160,"column":62}},"160":{"start":{"line":161,"column":0},"end":{"line":161,"column":20}},"161":{"start":{"line":162,"column":0},"end":{"line":162,"column":36}},"162":{"start":{"line":163,"column":0},"end":{"line":163,"column":0}},"163":{"start":{"line":164,"column":0},"end":{"line":164,"column":24}},"164":{"start":{"line":165,"column":0},"end":{"line":165,"column":43}},"165":{"start":{"line":166,"column":0},"end":{"line":166,"column":39}},"166":{"start":{"line":167,"column":0},"end":{"line":167,"column":44}},"167":{"start":{"line":168,"column":0},"end":{"line":168,"column":67}},"168":{"start":{"line":169,"column":0},"end":{"line":169,"column":56}},"169":{"start":{"line":170,"column":0},"end":{"line":170,"column":45}},"170":{"start":{"line":171,"column":0},"end":{"line":171,"column":13}},"171":{"start":{"line":172,"column":0},"end":{"line":172,"column":11}},"172":{"start":{"line":173,"column":0},"end":{"line":173,"column":10}},"173":{"start":{"line":174,"column":0},"end":{"line":174,"column":97}},"174":{"start":{"line":175,"column":0},"end":{"line":175,"column":39}},"175":{"start":{"line":176,"column":0},"end":{"line":176,"column":23}},"176":{"start":{"line":177,"column":0},"end":{"line":177,"column":0}},"177":{"start":{"line":178,"column":0},"end":{"line":178,"column":30}},"178":{"start":{"line":179,"column":0},"end":{"line":179,"column":0}},"179":{"start":{"line":180,"column":0},"end":{"line":180,"column":16}},"180":{"start":{"line":181,"column":0},"end":{"line":181,"column":7}},"181":{"start":{"line":182,"column":0},"end":{"line":182,"column":3}},"182":{"start":{"line":183,"column":0},"end":{"line":183,"column":0}},"183":{"start":{"line":184,"column":0},"end":{"line":184,"column":5}},"184":{"start":{"line":185,"column":0},"end":{"line":185,"column":58}},"185":{"start":{"line":186,"column":0},"end":{"line":186,"column":5}},"186":{"start":{"line":187,"column":0},"end":{"line":187,"column":32}},"187":{"start":{"line":188,"column":0},"end":{"line":188,"column":42}},"188":{"start":{"line":189,"column":0},"end":{"line":189,"column":3}},"189":{"start":{"line":190,"column":0},"end":{"line":190,"column":0}},"190":{"start":{"line":191,"column":0},"end":{"line":191,"column":1}}},"s":{"0":1,"1":1,"2":1,"3":1,"4":1,"5":1,"6":1,"7":1,"8":1,"9":1,"10":1,"11":1,"12":1,"13":1,"14":1,"15":1,"16":1,"17":1,"18":1,"19":1,"20":1,"21":1,"22":1,"23":1,"24":1,"25":1,"26":1,"27":1,"28":1,"29":1,"30":1,"31":1,"32":1,"33":1,"34":1,"35":1,"36":1,"37":1,"38":5,"39":5,"40":5,"41":5,"42":5,"43":5,"44":5,"45":5,"46":5,"47":5,"48":5,"49":5,"50":1,"51":1,"52":1,"53":1,"54":1,"55":7,"56":2,"57":2,"58":5,"59":5,"60":5,"61":5,"62":1,"63":1,"64":1,"65":1,"66":1,"67":4,"68":3,"69":3,"70":1,"71":1,"72":1,"73":1,"74":3,"75":3,"76":3,"77":1,"78":1,"79":7,"80":7,"81":7,"82":2,"83":2,"84":7,"85":7,"86":7,"87":7,"88":7,"89":7,"90":7,"91":7,"92":7,"93":7,"94":28,"95":6,"96":6,"97":6,"98":28,"99":7,"100":7,"101":7,"102":12,"103":10,"104":0,"105":0,"106":0,"107":0,"108":0,"109":0,"110":12,"111":7,"112":7,"113":7,"114":6,"115":6,"116":7,"117":7,"118":7,"119":7,"120":7,"121":7,"122":0,"123":0,"124":7,"125":1,"126":1,"127":1,"128":1,"129":1,"130":5,"131":5,"132":5,"133":5,"134":5,"135":5,"136":5,"137":5,"138":5,"139":5,"140":1,"141":1,"142":1,"143":1,"144":1,"145":1,"146":1,"147":1,"148":1,"149":1,"150":1,"151":1,"152":1,"153":1,"154":1,"155":1,"156":1,"157":1,"158":1,"159":1,"160":1,"161":1,"162":5,"163":5,"164":5,"165":5,"166":5,"167":5,"168":5,"169":5,"170":5,"171":5,"172":5,"173":5,"174":5,"175":5,"176":5,"177":5,"178":5,"179":5,"180":1,"181":1,"182":1,"183":1,"184":1,"185":1,"186":1,"187":3,"188":3,"189":1,"190":1},"branchMap":{"0":{"type":"branch","line":38,"loc":{"start":{"line":38,"column":9},"end":{"line":50,"column":3}},"locations":[{"start":{"line":38,"column":9},"end":{"line":50,"column":3}}]},"1":{"type":"branch","line":40,"loc":{"start":{"line":40,"column":44},"end":{"line":40,"column":58}},"locations":[{"start":{"line":40,"column":44},"end":{"line":40,"column":58}}]},"2":{"type":"branch","line":55,"loc":{"start":{"line":55,"column":9},"end":{"line":62,"column":3}},"locations":[{"start":{"line":55,"column":9},"end":{"line":62,"column":3}}]},"3":{"type":"branch","line":56,"loc":{"start":{"line":56,"column":33},"end":{"line":58,"column":5}},"locations":[{"start":{"line":56,"column":33},"end":{"line":58,"column":5}}]},"4":{"type":"branch","line":59,"loc":{"start":{"line":59,"column":-1},"end":{"line":62,"column":3}},"locations":[{"start":{"line":59,"column":-1},"end":{"line":62,"column":3}}]},"5":{"type":"branch","line":67,"loc":{"start":{"line":67,"column":9},"end":{"line":72,"column":3}},"locations":[{"start":{"line":67,"column":9},"end":{"line":72,"column":3}}]},"6":{"type":"branch","line":68,"loc":{"start":{"line":68,"column":36},"end":{"line":72,"column":3}},"locations":[{"start":{"line":68,"column":36},"end":{"line":72,"column":3}}]},"7":{"type":"branch","line":71,"loc":{"start":{"line":71,"column":-1},"end":{"line":72,"column":3}},"locations":[{"start":{"line":71,"column":-1},"end":{"line":72,"column":3}}]},"8":{"type":"branch","line":74,"loc":{"start":{"line":74,"column":9},"end":{"line":77,"column":3}},"locations":[{"start":{"line":74,"column":9},"end":{"line":77,"column":3}}]},"9":{"type":"branch","line":79,"loc":{"start":{"line":79,"column":9},"end":{"line":125,"column":3}},"locations":[{"start":{"line":79,"column":9},"end":{"line":125,"column":3}}]},"10":{"type":"branch","line":82,"loc":{"start":{"line":82,"column":21},"end":{"line":82,"column":51}},"locations":[{"start":{"line":82,"column":21},"end":{"line":82,"column":51}}]},"11":{"type":"branch","line":82,"loc":{"start":{"line":82,"column":53},"end":{"line":84,"column":7}},"locations":[{"start":{"line":82,"column":53},"end":{"line":84,"column":7}}]},"12":{"type":"branch","line":94,"loc":{"start":{"line":94,"column":38},"end":{"line":99,"column":7}},"locations":[{"start":{"line":94,"column":38},"end":{"line":99,"column":7}}]},"13":{"type":"branch","line":95,"loc":{"start":{"line":95,"column":33},"end":{"line":98,"column":9}},"locations":[{"start":{"line":95,"column":33},"end":{"line":98,"column":9}}]},"14":{"type":"branch","line":102,"loc":{"start":{"line":102,"column":36},"end":{"line":111,"column":7}},"locations":[{"start":{"line":102,"column":36},"end":{"line":111,"column":7}}]},"15":{"type":"branch","line":103,"loc":{"start":{"line":103,"column":25},"end":{"line":103,"column":38}},"locations":[{"start":{"line":103,"column":25},"end":{"line":103,"column":38}}]},"16":{"type":"branch","line":104,"loc":{"start":{"line":104,"column":-1},"end":{"line":110,"column":9}},"locations":[{"start":{"line":104,"column":-1},"end":{"line":110,"column":9}}]},"17":{"type":"branch","line":104,"loc":{"start":{"line":104,"column":-1},"end":{"line":104,"column":39}},"locations":[{"start":{"line":104,"column":-1},"end":{"line":104,"column":39}}]},"18":{"type":"branch","line":104,"loc":{"start":{"line":104,"column":39},"end":{"line":110,"column":9}},"locations":[{"start":{"line":104,"column":39},"end":{"line":110,"column":9}}]},"19":{"type":"branch","line":114,"loc":{"start":{"line":114,"column":40},"end":{"line":116,"column":7}},"locations":[{"start":{"line":114,"column":40},"end":{"line":116,"column":7}}]},"20":{"type":"branch","line":115,"loc":{"start":{"line":115,"column":63},"end":{"line":115,"column":69}},"locations":[{"start":{"line":115,"column":63},"end":{"line":115,"column":69}}]},"21":{"type":"branch","line":122,"loc":{"start":{"line":122,"column":6},"end":{"line":124,"column":5}},"locations":[{"start":{"line":122,"column":6},"end":{"line":124,"column":5}}]},"22":{"type":"branch","line":130,"loc":{"start":{"line":130,"column":9},"end":{"line":140,"column":3}},"locations":[{"start":{"line":130,"column":9},"end":{"line":140,"column":3}}]},"23":{"type":"branch","line":143,"loc":{"start":{"line":143,"column":9},"end":{"line":148,"column":3}},"locations":[{"start":{"line":143,"column":9},"end":{"line":148,"column":3}}]},"24":{"type":"branch","line":145,"loc":{"start":{"line":145,"column":72},"end":{"line":145,"column":83}},"locations":[{"start":{"line":145,"column":72},"end":{"line":145,"column":83}}]},"25":{"type":"branch","line":147,"loc":{"start":{"line":147,"column":6},"end":{"line":147,"column":32}},"locations":[{"start":{"line":147,"column":6},"end":{"line":147,"column":32}}]},"26":{"type":"branch","line":146,"loc":{"start":{"line":146,"column":17},"end":{"line":146,"column":104}},"locations":[{"start":{"line":146,"column":17},"end":{"line":146,"column":104}}]},"27":{"type":"branch","line":146,"loc":{"start":{"line":146,"column":59},"end":{"line":146,"column":102}},"locations":[{"start":{"line":146,"column":59},"end":{"line":146,"column":102}}]},"28":{"type":"branch","line":150,"loc":{"start":{"line":150,"column":9},"end":{"line":182,"column":3}},"locations":[{"start":{"line":150,"column":9},"end":{"line":182,"column":3}}]},"29":{"type":"branch","line":162,"loc":{"start":{"line":162,"column":23},"end":{"line":181,"column":5}},"locations":[{"start":{"line":162,"column":23},"end":{"line":181,"column":5}}]},"30":{"type":"branch","line":164,"loc":{"start":{"line":164,"column":17},"end":{"line":178,"column":7}},"locations":[{"start":{"line":164,"column":17},"end":{"line":178,"column":7}}]},"31":{"type":"branch","line":167,"loc":{"start":{"line":167,"column":37},"end":{"line":173,"column":9}},"locations":[{"start":{"line":167,"column":37},"end":{"line":173,"column":9}}]},"32":{"type":"branch","line":187,"loc":{"start":{"line":187,"column":9},"end":{"line":189,"column":3}},"locations":[{"start":{"line":187,"column":9},"end":{"line":189,"column":3}}]}},"b":{"0":[5],"1":[0],"2":[7],"3":[2],"4":[5],"5":[4],"6":[3],"7":[1],"8":[3],"9":[7],"10":[4],"11":[2],"12":[28],"13":[6],"14":[12],"15":[6],"16":[10],"17":[6],"18":[0],"19":[6],"20":[0],"21":[0],"22":[5],"23":[1],"24":[0],"25":[0],"26":[1],"27":[0],"28":[1],"29":[5],"30":[5],"31":[5],"32":[3]},"fnMap":{"0":{"name":"convertTimestamp","decl":{"start":{"line":38,"column":9},"end":{"line":50,"column":3}},"loc":{"start":{"line":38,"column":9},"end":{"line":50,"column":3}},"line":38},"1":{"name":"truncate","decl":{"start":{"line":55,"column":9},"end":{"line":62,"column":3}},"loc":{"start":{"line":55,"column":9},"end":{"line":62,"column":3}},"line":55},"2":{"name":"break","decl":{"start":{"line":67,"column":9},"end":{"line":72,"column":3}},"loc":{"start":{"line":67,"column":9},"end":{"line":72,"column":3}},"line":67},"3":{"name":"updateURLWithCompressedAbi","decl":{"start":{"line":74,"column":9},"end":{"line":77,"column":3}},"loc":{"start":{"line":74,"column":9},"end":{"line":77,"column":3}},"line":74},"4":{"name":"updateURLParameter","decl":{"start":{"line":79,"column":9},"end":{"line":125,"column":3}},"loc":{"start":{"line":79,"column":9},"end":{"line":125,"column":3}},"line":79},"5":{"name":"compressAbiToUrlSafe","decl":{"start":{"line":130,"column":9},"end":{"line":140,"column":3}},"loc":{"start":{"line":130,"column":9},"end":{"line":140,"column":3}},"line":130},"6":{"name":"reloadAfterUpdate","decl":{"start":{"line":143,"column":9},"end":{"line":148,"column":3}},"loc":{"start":{"line":143,"column":9},"end":{"line":148,"column":3}},"line":143},"7":{"name":"fetchABIFromVerifiedContract","decl":{"start":{"line":150,"column":9},"end":{"line":182,"column":3}},"loc":{"start":{"line":150,"column":9},"end":{"line":182,"column":3}},"line":150},"8":{"name":"xmlHttp.onreadystatechange","decl":{"start":{"line":167,"column":37},"end":{"line":173,"column":9}},"loc":{"start":{"line":167,"column":37},"end":{"line":173,"column":9}},"line":167},"9":{"name":"spaces","decl":{"start":{"line":187,"column":9},"end":{"line":189,"column":3}},"loc":{"start":{"line":187,"column":9},"end":{"line":189,"column":3}},"line":187}},"f":{"0":5,"1":7,"2":4,"3":3,"4":7,"5":5,"6":1,"7":1,"8":5,"9":3}},"/Users/markus/Projects/IntelliJ/ethereum-event-scan/src/test-helpers.ts":{"path":"/Users/markus/Projects/IntelliJ/ethereum-event-scan/src/test-helpers.ts","all":false,"statementMap":{"0":{"start":{"line":1,"column":0},"end":{"line":1,"column":41}},"1":{"start":{"line":2,"column":0},"end":{"line":2,"column":0}},"2":{"start":{"line":3,"column":0},"end":{"line":3,"column":40}},"3":{"start":{"line":4,"column":0},"end":{"line":4,"column":72}},"4":{"start":{"line":5,"column":0},"end":{"line":5,"column":1}},"5":{"start":{"line":6,"column":0},"end":{"line":6,"column":0}},"6":{"start":{"line":7,"column":0},"end":{"line":7,"column":42}},"7":{"start":{"line":8,"column":0},"end":{"line":8,"column":36}},"8":{"start":{"line":9,"column":0},"end":{"line":9,"column":96}},"9":{"start":{"line":10,"column":0},"end":{"line":10,"column":14}},"10":{"start":{"line":11,"column":0},"end":{"line":11,"column":1}},"11":{"start":{"line":12,"column":0},"end":{"line":12,"column":0}},"12":{"start":{"line":13,"column":0},"end":{"line":13,"column":40}},"13":{"start":{"line":14,"column":0},"end":{"line":14,"column":30}},"14":{"start":{"line":15,"column":0},"end":{"line":15,"column":1}},"15":{"start":{"line":16,"column":0},"end":{"line":16,"column":0}},"16":{"start":{"line":17,"column":0},"end":{"line":17,"column":65}},"17":{"start":{"line":18,"column":0},"end":{"line":18,"column":58}},"18":{"start":{"line":19,"column":0},"end":{"line":19,"column":41}},"19":{"start":{"line":20,"column":0},"end":{"line":20,"column":25}},"20":{"start":{"line":21,"column":0},"end":{"line":21,"column":36}},"21":{"start":{"line":22,"column":0},"end":{"line":22,"column":1}}},"s":{"0":1,"1":1,"2":27,"3":27,"4":27,"5":1,"6":1,"7":1,"8":1,"9":1,"10":1,"11":1,"12":1,"13":1,"14":1,"15":1,"16":1,"17":1,"18":1,"19":1,"20":1,"21":1},"branchMap":{"0":{"type":"branch","line":3,"loc":{"start":{"line":3,"column":0},"end":{"line":5,"column":1}},"locations":[{"start":{"line":3,"column":0},"end":{"line":5,"column":1}}]},"1":{"type":"branch","line":4,"loc":{"start":{"line":4,"column":37},"end":{"line":4,"column":60}},"locations":[{"start":{"line":4,"column":37},"end":{"line":4,"column":60}}]},"2":{"type":"branch","line":7,"loc":{"start":{"line":7,"column":0},"end":{"line":11,"column":1}},"locations":[{"start":{"line":7,"column":0},"end":{"line":11,"column":1}}]},"3":{"type":"branch","line":13,"loc":{"start":{"line":13,"column":0},"end":{"line":15,"column":1}},"locations":[{"start":{"line":13,"column":0},"end":{"line":15,"column":1}}]},"4":{"type":"branch","line":17,"loc":{"start":{"line":17,"column":0},"end":{"line":22,"column":1}},"locations":[{"start":{"line":17,"column":0},"end":{"line":22,"column":1}}]}},"b":{"0":[27],"1":[27],"2":[1],"3":[1],"4":[1]},"fnMap":{"0":{"name":"makeRoute","decl":{"start":{"line":3,"column":0},"end":{"line":5,"column":1}},"loc":{"start":{"line":3,"column":0},"end":{"line":5,"column":1}},"line":3},"1":{"name":"subscribe","decl":{"start":{"line":4,"column":37},"end":{"line":4,"column":60}},"loc":{"start":{"line":4,"column":37},"end":{"line":4,"column":60}},"line":4},"2":{"name":"mockAtobWithGzipHeader","decl":{"start":{"line":7,"column":0},"end":{"line":11,"column":1}},"loc":{"start":{"line":7,"column":0},"end":{"line":11,"column":1}},"line":7},"3":{"name":"restoreAtob","decl":{"start":{"line":13,"column":0},"end":{"line":15,"column":1}},"loc":{"start":{"line":13,"column":0},"end":{"line":15,"column":1}},"line":13},"4":{"name":"normalizeUrlSafeBase64ToBuffer","decl":{"start":{"line":17,"column":0},"end":{"line":22,"column":1}},"loc":{"start":{"line":17,"column":0},"end":{"line":22,"column":1}},"line":17}},"f":{"0":27,"1":27,"2":1,"3":1,"4":1}}}}
