{"numFailedTestSuites":1,"numFailedTests":2,"numPassedTestSuites":16,"numPassedTests":49,"numPendingTestSuites":0,"numPendingTests":0,"numRuntimeErrorTestSuites":0,"numTodoTests":0,"numTotalTestSuites":17,"numTotalTests":51,"openHandles":[],"snapshot":{"added":0,"didUpdate":false,"failure":false,"filesAdded":0,"filesRemoved":0,"filesRemovedList":[],"filesUnmatched":0,"filesUpdated":0,"matched":0,"total":0,"unchecked":0,"uncheckedKeysByFile":[],"unmatched":0,"updated":0},"startTime":1765655672260,"success":false,"testResults":[{"assertionResults":[{"ancestorTitles":["JsonFormatterDirective"],"duration":3,"failing":false,"failureDetails":[{}],"failureMessages":["Error: Unexpected \"HostComponent\" found in the \"declarations\" array of the \"TestBed.configureTestingModule\" call, \"HostComponent\" is marked as standalone and can't be declared in any NgModule - did you intend to import it instead (by adding it to the \"imports\" array)?\n    at /Users/markus/Projects/IntelliJ/darwin_arm64-fastbuild-ST-fdfa778d11ba/bin/packages/core/testing/src/test_bed_compiler.ts:109:15\n    at Array.forEach (<anonymous>)\n    at forEach (/Users/markus/Projects/IntelliJ/darwin_arm64-fastbuild-ST-fdfa778d11ba/bin/packages/core/testing/src/test_bed_compiler.ts:105:9)\n    at TestBedCompiler.assertNoStandaloneComponents [as configureTestingModule] (/Users/markus/Projects/IntelliJ/darwin_arm64-fastbuild-ST-fdfa778d11ba/bin/packages/core/testing/src/test_bed_compiler.ts:215:7)\n    at TestBedImpl.configureTestingModule (/Users/markus/Projects/IntelliJ/darwin_arm64-fastbuild-ST-fdfa778d11ba/bin/packages/core/testing/src/test_bed.ts:584:19)\n    at TestBedImpl.configureTestingModule (/Users/markus/Projects/IntelliJ/darwin_arm64-fastbuild-ST-fdfa778d11ba/bin/packages/core/testing/src/test_bed.ts:319:33)\n    at /Users/markus/Projects/IntelliJ/ethereum-event-scan/src/app/components/settings/directives/json-formatter.directive.spec.ts:20:19\n    at _ZoneDelegate.apply [as invoke] (/Users/markus/Projects/IntelliJ/ethereum-event-scan/node_modules/zone.js/bundles/zone.umd.js:409:168)\n    at _ProxyZoneSpec.invoke [as onInvoke] (/Users/markus/Projects/IntelliJ/ethereum-event-scan/node_modules/zone.js/bundles/zone-testing.umd.js:1079:43)\n    at _ZoneDelegate.onInvoke [as invoke] (/Users/markus/Projects/IntelliJ/ethereum-event-scan/node_modules/zone.js/bundles/zone.umd.js:409:56)\n    at _ZoneImpl.invoke [as run] (/Users/markus/Projects/IntelliJ/ethereum-event-scan/node_modules/zone.js/bundles/zone.umd.js:162:47)\n    at Object.run (/Users/markus/Projects/IntelliJ/ethereum-event-scan/node_modules/zone.js/bundles/zone-testing.umd.js:407:38)\n    at Promise.finally.completed (/Users/markus/Projects/IntelliJ/ethereum-event-scan/node_modules/jest-circus/build/jestAdapterInit.js:1557:28)\n    at new Promise (<anonymous>)\n    at callAsyncCircusFn (/Users/markus/Projects/IntelliJ/ethereum-event-scan/node_modules/jest-circus/build/jestAdapterInit.js:1497:10)\n    at _callCircusHook (/Users/markus/Projects/IntelliJ/ethereum-event-scan/node_modules/jest-circus/build/jestAdapterInit.js:976:40)\n    at _runTest (/Users/markus/Projects/IntelliJ/ethereum-event-scan/node_modules/jest-circus/build/jestAdapterInit.js:941:5)\n    at /Users/markus/Projects/IntelliJ/ethereum-event-scan/node_modules/jest-circus/build/jestAdapterInit.js:849:7"],"fullName":"JsonFormatterDirective formats JSON to pretty on focus and back to compact on blur","invocations":1,"location":null,"numPassingAsserts":0,"retryReasons":[],"startAt":1765655675101,"status":"failed","title":"formats JSON to pretty on focus and back to compact on blur"},{"ancestorTitles":["JsonFormatterDirective"],"duration":1,"failing":false,"failureDetails":[{}],"failureMessages":["Error: Unexpected \"HostComponent\" found in the \"declarations\" array of the \"TestBed.configureTestingModule\" call, \"HostComponent\" is marked as standalone and can't be declared in any NgModule - did you intend to import it instead (by adding it to the \"imports\" array)?\n    at /Users/markus/Projects/IntelliJ/darwin_arm64-fastbuild-ST-fdfa778d11ba/bin/packages/core/testing/src/test_bed_compiler.ts:109:15\n    at Array.forEach (<anonymous>)\n    at forEach (/Users/markus/Projects/IntelliJ/darwin_arm64-fastbuild-ST-fdfa778d11ba/bin/packages/core/testing/src/test_bed_compiler.ts:105:9)\n    at TestBedCompiler.assertNoStandaloneComponents [as configureTestingModule] (/Users/markus/Projects/IntelliJ/darwin_arm64-fastbuild-ST-fdfa778d11ba/bin/packages/core/testing/src/test_bed_compiler.ts:215:7)\n    at TestBedImpl.configureTestingModule (/Users/markus/Projects/IntelliJ/darwin_arm64-fastbuild-ST-fdfa778d11ba/bin/packages/core/testing/src/test_bed.ts:584:19)\n    at TestBedImpl.configureTestingModule (/Users/markus/Projects/IntelliJ/darwin_arm64-fastbuild-ST-fdfa778d11ba/bin/packages/core/testing/src/test_bed.ts:319:33)\n    at /Users/markus/Projects/IntelliJ/ethereum-event-scan/src/app/components/settings/directives/json-formatter.directive.spec.ts:20:19\n    at _ZoneDelegate.apply [as invoke] (/Users/markus/Projects/IntelliJ/ethereum-event-scan/node_modules/zone.js/bundles/zone.umd.js:409:168)\n    at _ProxyZoneSpec.invoke [as onInvoke] (/Users/markus/Projects/IntelliJ/ethereum-event-scan/node_modules/zone.js/bundles/zone-testing.umd.js:1079:43)\n    at _ZoneDelegate.onInvoke [as invoke] (/Users/markus/Projects/IntelliJ/ethereum-event-scan/node_modules/zone.js/bundles/zone.umd.js:409:56)\n    at _ZoneImpl.invoke [as run] (/Users/markus/Projects/IntelliJ/ethereum-event-scan/node_modules/zone.js/bundles/zone.umd.js:162:47)\n    at Object.run (/Users/markus/Projects/IntelliJ/ethereum-event-scan/node_modules/zone.js/bundles/zone-testing.umd.js:407:38)\n    at Promise.finally.completed (/Users/markus/Projects/IntelliJ/ethereum-event-scan/node_modules/jest-circus/build/jestAdapterInit.js:1557:28)\n    at new Promise (<anonymous>)\n    at callAsyncCircusFn (/Users/markus/Projects/IntelliJ/ethereum-event-scan/node_modules/jest-circus/build/jestAdapterInit.js:1497:10)\n    at _callCircusHook (/Users/markus/Projects/IntelliJ/ethereum-event-scan/node_modules/jest-circus/build/jestAdapterInit.js:976:40)\n    at _runTest (/Users/markus/Projects/IntelliJ/ethereum-event-scan/node_modules/jest-circus/build/jestAdapterInit.js:941:5)\n    at /Users/markus/Projects/IntelliJ/ethereum-event-scan/node_modules/jest-circus/build/jestAdapterInit.js:849:7"],"fullName":"JsonFormatterDirective leaves non-JSON unchanged on focus and blur","invocations":1,"location":null,"numPassingAsserts":0,"retryReasons":[],"startAt":1765655675154,"status":"failed","title":"leaves non-JSON unchanged on focus and blur"}],"endTime":1765655675170,"message":"\u001b[1m\u001b[31m  \u001b[1m● \u001b[22m\u001b[1mJsonFormatterDirective › formats JSON to pretty on focus and back to compact on blur\u001b[39m\u001b[22m\n\n    Unexpected \"HostComponent\" found in the \"declarations\" array of the \"TestBed.configureTestingModule\" call, \"HostComponent\" is marked as standalone and can't be declared in any NgModule - did you intend to import it instead (by adding it to the \"imports\" array)?\n\u001b[2m\u001b[22m\n\u001b[2m      \u001b[2mat \u001b[22m\u001b[2m../darwin_arm64-fastbuild-ST-fdfa778d11ba/bin/packages/core/testing/src/test_bed_compiler.ts\u001b[2m:109:15\u001b[22m\u001b[2m\u001b[22m\n\u001b[2m          at Array.forEach (<anonymous>)\u001b[22m\n\u001b[2m      \u001b[2mat forEach (\u001b[22m\u001b[2m../darwin_arm64-fastbuild-ST-fdfa778d11ba/bin/packages/core/testing/src/test_bed_compiler.ts\u001b[2m:105:9)\u001b[22m\u001b[2m\u001b[22m\n\u001b[2m      \u001b[2mat TestBedCompiler.assertNoStandaloneComponents [as configureTestingModule] (\u001b[22m\u001b[2m../darwin_arm64-fastbuild-ST-fdfa778d11ba/bin/packages/core/testing/src/test_bed_compiler.ts\u001b[2m:215:7)\u001b[22m\u001b[2m\u001b[22m\n\u001b[2m      \u001b[2mat TestBedImpl.configureTestingModule (\u001b[22m\u001b[2m../darwin_arm64-fastbuild-ST-fdfa778d11ba/bin/packages/core/testing/src/test_bed.ts\u001b[2m:584:19)\u001b[22m\u001b[2m\u001b[22m\n\u001b[2m      \u001b[2mat TestBedImpl.configureTestingModule (\u001b[22m\u001b[2m../darwin_arm64-fastbuild-ST-fdfa778d11ba/bin/packages/core/testing/src/test_bed.ts\u001b[2m:319:33)\u001b[22m\u001b[2m\u001b[22m\n\u001b[2m      \u001b[2mat \u001b[22m\u001b[2m\u001b[0m\u001b[36msrc/app/components/settings/directives/json-formatter.directive.spec.ts\u001b[39m\u001b[0m\u001b[2m:20:19\u001b[22m\u001b[2m\u001b[22m\n\u001b[2m      \u001b[2mat _ZoneDelegate.apply [as invoke] (\u001b[22m\u001b[2mnode_modules/zone.js/bundles/zone.umd.js\u001b[2m:409:168)\u001b[22m\u001b[2m\u001b[22m\n\u001b[2m      \u001b[2mat _ProxyZoneSpec.invoke [as onInvoke] (\u001b[22m\u001b[2mnode_modules/zone.js/bundles/zone-testing.umd.js\u001b[2m:1079:43)\u001b[22m\u001b[2m\u001b[22m\n\u001b[2m      \u001b[2mat _ZoneDelegate.onInvoke [as invoke] (\u001b[22m\u001b[2mnode_modules/zone.js/bundles/zone.umd.js\u001b[2m:409:56)\u001b[22m\u001b[2m\u001b[22m\n\u001b[2m      \u001b[2mat _ZoneImpl.invoke [as run] (\u001b[22m\u001b[2mnode_modules/zone.js/bundles/zone.umd.js\u001b[2m:162:47)\u001b[22m\u001b[2m\u001b[22m\n\u001b[2m      \u001b[2mat Object.run (\u001b[22m\u001b[2mnode_modules/zone.js/bundles/zone-testing.umd.js\u001b[2m:407:38)\u001b[22m\u001b[2m\u001b[22m\n\n\u001b[1m\u001b[31m  \u001b[1m● \u001b[22m\u001b[1mJsonFormatterDirective › leaves non-JSON unchanged on focus and blur\u001b[39m\u001b[22m\n\n    Unexpected \"HostComponent\" found in the \"declarations\" array of the \"TestBed.configureTestingModule\" call, \"HostComponent\" is marked as standalone and can't be declared in any NgModule - did you intend to import it instead (by adding it to the \"imports\" array)?\n\u001b[2m\u001b[22m\n\u001b[2m      \u001b[2mat \u001b[22m\u001b[2m../darwin_arm64-fastbuild-ST-fdfa778d11ba/bin/packages/core/testing/src/test_bed_compiler.ts\u001b[2m:109:15\u001b[22m\u001b[2m\u001b[22m\n\u001b[2m          at Array.forEach (<anonymous>)\u001b[22m\n\u001b[2m      \u001b[2mat forEach (\u001b[22m\u001b[2m../darwin_arm64-fastbuild-ST-fdfa778d11ba/bin/packages/core/testing/src/test_bed_compiler.ts\u001b[2m:105:9)\u001b[22m\u001b[2m\u001b[22m\n\u001b[2m      \u001b[2mat TestBedCompiler.assertNoStandaloneComponents [as configureTestingModule] (\u001b[22m\u001b[2m../darwin_arm64-fastbuild-ST-fdfa778d11ba/bin/packages/core/testing/src/test_bed_compiler.ts\u001b[2m:215:7)\u001b[22m\u001b[2m\u001b[22m\n\u001b[2m      \u001b[2mat TestBedImpl.configureTestingModule (\u001b[22m\u001b[2m../darwin_arm64-fastbuild-ST-fdfa778d11ba/bin/packages/core/testing/src/test_bed.ts\u001b[2m:584:19)\u001b[22m\u001b[2m\u001b[22m\n\u001b[2m      \u001b[2mat TestBedImpl.configureTestingModule (\u001b[22m\u001b[2m../darwin_arm64-fastbuild-ST-fdfa778d11ba/bin/packages/core/testing/src/test_bed.ts\u001b[2m:319:33)\u001b[22m\u001b[2m\u001b[22m\n\u001b[2m      \u001b[2mat \u001b[22m\u001b[2m\u001b[0m\u001b[36msrc/app/components/settings/directives/json-formatter.directive.spec.ts\u001b[39m\u001b[0m\u001b[2m:20:19\u001b[22m\u001b[2m\u001b[22m\n\u001b[2m      \u001b[2mat _ZoneDelegate.apply [as invoke] (\u001b[22m\u001b[2mnode_modules/zone.js/bundles/zone.umd.js\u001b[2m:409:168)\u001b[22m\u001b[2m\u001b[22m\n\u001b[2m      \u001b[2mat _ProxyZoneSpec.invoke [as onInvoke] (\u001b[22m\u001b[2mnode_modules/zone.js/bundles/zone-testing.umd.js\u001b[2m:1079:43)\u001b[22m\u001b[2m\u001b[22m\n\u001b[2m      \u001b[2mat _ZoneDelegate.onInvoke [as invoke] (\u001b[22m\u001b[2mnode_modules/zone.js/bundles/zone.umd.js\u001b[2m:409:56)\u001b[22m\u001b[2m\u001b[22m\n\u001b[2m      \u001b[2mat _ZoneImpl.invoke [as run] (\u001b[22m\u001b[2mnode_modules/zone.js/bundles/zone.umd.js\u001b[2m:162:47)\u001b[22m\u001b[2m\u001b[22m\n\u001b[2m      \u001b[2mat Object.run (\u001b[22m\u001b[2mnode_modules/zone.js/bundles/zone-testing.umd.js\u001b[2m:407:38)\u001b[22m\u001b[2m\u001b[22m\n","name":"/Users/markus/Projects/IntelliJ/ethereum-event-scan/src/app/components/settings/directives/json-formatter.directive.spec.ts","startTime":1765655672900,"status":"failed","summary":""},{"assertionResults":[{"ancestorTitles":["EventsListResponsiveDirective (basic)"],"duration":10,"failing":false,"failureDetails":[],"failureMessages":[],"fullName":"EventsListResponsiveDirective (basic) should create and run lifecycle methods without crashing","invocations":1,"location":null,"numPassingAsserts":1,"retryReasons":[],"startAt":1765655675484,"status":"passed","title":"should create and run lifecycle methods without crashing"}],"endTime":1765655675495,"message":"","name":"/Users/markus/Projects/IntelliJ/ethereum-event-scan/src/app/components/events-table/directives/events-list-responsive.directive.spec.ts","startTime":1765655675200,"status":"passed","summary":""},{"assertionResults":[{"ancestorTitles":["Reader.createActiveContract decoding branches"],"duration":30,"failing":false,"failureDetails":[],"failureMessages":[],"fullName":"Reader.createActiveContract decoding branches handles gzip header via pako.ungzip","invocations":1,"location":null,"numPassingAsserts":2,"retryReasons":[],"startAt":1765655676121,"status":"passed","title":"handles gzip header via pako.ungzip"},{"ancestorTitles":["Reader.createActiveContract decoding branches"],"duration":5,"failing":false,"failureDetails":[],"failureMessages":[],"fullName":"Reader.createActiveContract decoding branches handles zlib header via pako.inflate","invocations":1,"location":null,"numPassingAsserts":2,"retryReasons":[],"startAt":1765655676151,"status":"passed","title":"handles zlib header via pako.inflate"},{"ancestorTitles":["Reader.createActiveContract decoding branches"],"duration":3,"failing":false,"failureDetails":[],"failureMessages":[],"fullName":"Reader.createActiveContract decoding branches handles hex abi input (0x..)","invocations":1,"location":null,"numPassingAsserts":1,"retryReasons":[],"startAt":1765655676157,"status":"passed","title":"handles hex abi input (0x..)"},{"ancestorTitles":["Reader.createActiveContract decoding branches"],"duration":31,"failing":false,"failureDetails":[],"failureMessages":[],"fullName":"Reader.createActiveContract decoding branches fails gracefully on invalid data","invocations":1,"location":null,"numPassingAsserts":1,"retryReasons":[],"startAt":1765655676160,"status":"passed","title":"fails gracefully on invalid data"}],"endTime":1765655676192,"message":"","name":"/Users/markus/Projects/IntelliJ/ethereum-event-scan/src/app/services/reader.createActiveContract.spec.ts","startTime":1765655675507,"status":"passed","summary":""},{"assertionResults":[{"ancestorTitles":["EventsTableComponent (basic)"],"duration":3,"failing":false,"failureDetails":[],"failureMessages":[],"fullName":"EventsTableComponent (basic) panelMessage returns No Events initially","invocations":1,"location":null,"numPassingAsserts":1,"retryReasons":[],"startAt":1765655676778,"status":"passed","title":"panelMessage returns No Events initially"},{"ancestorTitles":["EventsTableComponent (basic)"],"duration":0,"failing":false,"failureDetails":[],"failureMessages":[],"fullName":"EventsTableComponent (basic) showSpinner reflects reader runningJobs","invocations":1,"location":null,"numPassingAsserts":2,"retryReasons":[],"startAt":1765655676782,"status":"passed","title":"showSpinner reflects reader runningJobs"},{"ancestorTitles":["EventsTableComponent (basic)"],"duration":0,"failing":false,"failureDetails":[],"failureMessages":[],"fullName":"EventsTableComponent (basic) applyFilter sets listData.filter","invocations":1,"location":null,"numPassingAsserts":1,"retryReasons":[],"startAt":1765655676783,"status":"passed","title":"applyFilter sets listData.filter"},{"ancestorTitles":["EventsTableComponent (basic)"],"duration":105,"failing":false,"failureDetails":[],"failureMessages":[],"fullName":"EventsTableComponent (basic) openDetailsDialog calls dialog.open","invocations":1,"location":null,"numPassingAsserts":1,"retryReasons":[],"startAt":1765655676783,"status":"passed","title":"openDetailsDialog calls dialog.open"}],"endTime":1765655676889,"message":"","name":"/Users/markus/Projects/IntelliJ/ethereum-event-scan/src/app/components/events-table/events-table.component.spec.ts","startTime":1765655676232,"status":"passed","summary":""},{"assertionResults":[{"ancestorTitles":["Reader service (unit)"],"duration":1,"failing":false,"failureDetails":[],"failureMessages":[],"fullName":"Reader service (unit) createActiveContract handles empty abiBase64Data gracefully","invocations":1,"location":null,"numPassingAsserts":1,"retryReasons":[],"startAt":1765655677073,"status":"passed","title":"createActiveContract handles empty abiBase64Data gracefully"},{"ancestorTitles":["Reader service (unit)"],"duration":2,"failing":false,"failureDetails":[],"failureMessages":[],"fullName":"Reader service (unit) getCachedTimestamp sets n.a. if no web3","invocations":1,"location":null,"numPassingAsserts":1,"retryReasons":[],"startAt":1765655677074,"status":"passed","title":"getCachedTimestamp sets n.a. if no web3"},{"ancestorTitles":["Reader service (unit)"],"duration":1,"failing":false,"failureDetails":[],"failureMessages":[],"fullName":"Reader service (unit) getCachedMiner triggers timestamp load when missing","invocations":1,"location":null,"numPassingAsserts":2,"retryReasons":[],"startAt":1765655677076,"status":"passed","title":"getCachedMiner triggers timestamp load when missing"},{"ancestorTitles":["Reader service (unit)"],"duration":2,"failing":false,"failureDetails":[],"failureMessages":[],"fullName":"Reader service (unit) readEventsRange handles contractInstance.getPastEvents resolution","invocations":1,"location":null,"numPassingAsserts":2,"retryReasons":[],"startAt":1765655677077,"status":"passed","title":"readEventsRange handles contractInstance.getPastEvents resolution"}],"endTime":1765655677079,"message":"","name":"/Users/markus/Projects/IntelliJ/ethereum-event-scan/src/app/services/reader.service.spec.ts","startTime":1765655676899,"status":"passed","summary":""},{"assertionResults":[{"ancestorTitles":["ModalDialogComponent (basic)"],"duration":0,"failing":false,"failureDetails":[],"failureMessages":[],"fullName":"ModalDialogComponent (basic) should close dialog","invocations":1,"location":null,"numPassingAsserts":1,"retryReasons":[],"startAt":1765655677374,"status":"passed","title":"should close dialog"},{"ancestorTitles":["ModalDialogComponent (basic)"],"duration":7,"failing":false,"failureDetails":[],"failureMessages":[],"fullName":"ModalDialogComponent (basic) should call onPinStart and call reader & update url (ignore reload)","invocations":1,"location":null,"numPassingAsserts":2,"retryReasons":[],"startAt":1765655677375,"status":"passed","title":"should call onPinStart and call reader & update url (ignore reload)"}],"endTime":1765655677382,"message":"","name":"/Users/markus/Projects/IntelliJ/ethereum-event-scan/src/app/components/modal-dialog/modal-dialog.component.spec.ts","startTime":1765655677096,"status":"passed","summary":""},{"assertionResults":[{"ancestorTitles":["ModalDialogContentComponent full flows"],"duration":14,"failing":false,"failureDetails":[],"failureMessages":[],"fullName":"ModalDialogContentComponent full flows renderBlock sets details and transactions when web3 provides block","invocations":1,"location":null,"numPassingAsserts":4,"retryReasons":[],"startAt":1765655677604,"status":"passed","title":"renderBlock sets details and transactions when web3 provides block"},{"ancestorTitles":["ModalDialogContentComponent full flows"],"duration":2,"failing":false,"failureDetails":[],"failureMessages":[],"fullName":"ModalDialogContentComponent full flows renderTransaction sets details when web3 provides trx and receipt","invocations":1,"location":null,"numPassingAsserts":3,"retryReasons":[],"startAt":1765655677618,"status":"passed","title":"renderTransaction sets details when web3 provides trx and receipt"}],"endTime":1765655677620,"message":"","name":"/Users/markus/Projects/IntelliJ/ethereum-event-scan/src/app/components/modal-dialog/modal-dialog-content.full.spec.ts","startTime":1765655677399,"status":"passed","summary":""},{"assertionResults":[{"ancestorTitles":["SettingsComponent (unit)"],"duration":2,"failing":false,"failureDetails":[],"failureMessages":[],"fullName":"SettingsComponent (unit) should create and have default panelMessage","invocations":1,"location":null,"numPassingAsserts":1,"retryReasons":[],"startAt":1765655677931,"status":"passed","title":"should create and have default panelMessage"},{"ancestorTitles":["SettingsComponent (unit)"],"duration":2,"failing":false,"failureDetails":[],"failureMessages":[],"fullName":"SettingsComponent (unit) updateStartValue should set startBlock via UtilsService","invocations":1,"location":null,"numPassingAsserts":2,"retryReasons":[],"startAt":1765655677934,"status":"passed","title":"updateStartValue should set startBlock via UtilsService"}],"endTime":1765655677936,"message":"","name":"/Users/markus/Projects/IntelliJ/ethereum-event-scan/src/app/components/settings/settings.component.tb.spec.ts","startTime":1765655677631,"status":"passed","summary":""},{"assertionResults":[{"ancestorTitles":["SettingsComponent.updateABIValue"],"duration":9,"failing":false,"failureDetails":[],"failureMessages":[],"fullName":"SettingsComponent.updateABIValue calls fetchABIFromVerifiedContract when provider+contract present and control empty","invocations":1,"location":null,"numPassingAsserts":4,"retryReasons":[],"startAt":1765655678328,"status":"passed","title":"calls fetchABIFromVerifiedContract when provider+contract present and control empty"},{"ancestorTitles":["SettingsComponent.updateABIValue"],"duration":3,"failing":false,"failureDetails":[],"failureMessages":[],"fullName":"SettingsComponent.updateABIValue parses JSON ABI and updates URL and reader when control contains JSON","invocations":1,"location":null,"numPassingAsserts":3,"retryReasons":[],"startAt":1765655678337,"status":"passed","title":"parses JSON ABI and updates URL and reader when control contains JSON"},{"ancestorTitles":["SettingsComponent.updateABIValue"],"duration":1,"failing":false,"failureDetails":[],"failureMessages":[],"fullName":"SettingsComponent.updateABIValue sets form error when abi is invalid JSON","invocations":1,"location":null,"numPassingAsserts":1,"retryReasons":[],"startAt":1765655678340,"status":"passed","title":"sets form error when abi is invalid JSON"}],"endTime":1765655678341,"message":"","name":"/Users/markus/Projects/IntelliJ/ethereum-event-scan/src/app/components/settings/updateABIValue.spec.ts","startTime":1765655677953,"status":"passed","summary":""},{"assertionResults":[{"ancestorTitles":["SettingsComponent async validators"],"duration":3,"failing":false,"failureDetails":[],"failureMessages":[],"fullName":"SettingsComponent async validators isProviderConnected resolves null when connected true","invocations":1,"location":null,"numPassingAsserts":1,"retryReasons":[],"startAt":1765655678645,"status":"passed","title":"isProviderConnected resolves null when connected true"},{"ancestorTitles":["SettingsComponent async validators"],"duration":1,"failing":false,"failureDetails":[],"failureMessages":[],"fullName":"SettingsComponent async validators isProviderConnected resolves error when not connected","invocations":1,"location":null,"numPassingAsserts":1,"retryReasons":[],"startAt":1765655678649,"status":"passed","title":"isProviderConnected resolves error when not connected"},{"ancestorTitles":["SettingsComponent async validators"],"duration":1,"failing":false,"failureDetails":[],"failureMessages":[],"fullName":"SettingsComponent async validators isContractOk accepts valid hex address and rejects invalid","invocations":1,"location":null,"numPassingAsserts":2,"retryReasons":[],"startAt":1765655678650,"status":"passed","title":"isContractOk accepts valid hex address and rejects invalid"},{"ancestorTitles":["SettingsComponent async validators"],"duration":1,"failing":false,"failureDetails":[],"failureMessages":[],"fullName":"SettingsComponent async validators isABIOk accepts valid JSON and rejects invalid","invocations":1,"location":null,"numPassingAsserts":2,"retryReasons":[],"startAt":1765655678652,"status":"passed","title":"isABIOk accepts valid JSON and rejects invalid"},{"ancestorTitles":["SettingsComponent async validators"],"duration":1,"failing":false,"failureDetails":[],"failureMessages":[],"fullName":"SettingsComponent async validators isStartBlockOk accepts numeric strings","invocations":1,"location":null,"numPassingAsserts":2,"retryReasons":[],"startAt":1765655678653,"status":"passed","title":"isStartBlockOk accepts numeric strings"},{"ancestorTitles":["SettingsComponent async validators"],"duration":2,"failing":false,"failureDetails":[],"failureMessages":[],"fullName":"SettingsComponent async validators isEndBlockOk accepts numeric and LATEST","invocations":1,"location":null,"numPassingAsserts":3,"retryReasons":[],"startAt":1765655678654,"status":"passed","title":"isEndBlockOk accepts numeric and LATEST"}],"endTime":1765655678656,"message":"","name":"/Users/markus/Projects/IntelliJ/ethereum-event-scan/src/app/components/settings/settings.validators.spec.ts","startTime":1765655678361,"status":"passed","summary":""},{"assertionResults":[{"ancestorTitles":["ModalDialogContentComponent (unit)"],"duration":2,"failing":false,"failureDetails":[],"failureMessages":[],"fullName":"ModalDialogContentComponent (unit) should instantiate and handle missing reader gracefully","invocations":1,"location":null,"numPassingAsserts":1,"retryReasons":[],"startAt":1765655678909,"status":"passed","title":"should instantiate and handle missing reader gracefully"}],"endTime":1765655678912,"message":"","name":"/Users/markus/Projects/IntelliJ/ethereum-event-scan/src/app/components/modal-dialog/modal-dialog-content.component.spec.ts","startTime":1765655678666,"status":"passed","summary":""},{"assertionResults":[{"ancestorTitles":["HighlightSearch Pipe"],"duration":1,"failing":false,"failureDetails":[],"failureMessages":[],"fullName":"HighlightSearch Pipe should return original value when args is falsy","invocations":1,"location":null,"numPassingAsserts":2,"retryReasons":[],"startAt":1765655679054,"status":"passed","title":"should return original value when args is falsy"},{"ancestorTitles":["HighlightSearch Pipe"],"duration":1,"failing":false,"failureDetails":[],"failureMessages":[],"fullName":"HighlightSearch Pipe should wrap matches with <mark>","invocations":1,"location":null,"numPassingAsserts":2,"retryReasons":[],"startAt":1765655679055,"status":"passed","title":"should wrap matches with <mark>"}],"endTime":1765655679056,"message":"","name":"/Users/markus/Projects/IntelliJ/ethereum-event-scan/src/app/components/events-table/pipes/highlight-search.pipe.spec.ts","startTime":1765655678932,"status":"passed","summary":""},{"assertionResults":[{"ancestorTitles":["Reader.readEventsRange behavior"],"duration":5,"failing":false,"failureDetails":[],"failureMessages":[],"fullName":"Reader.readEventsRange behavior splits large ranges via isBlockLimitExceeded","invocations":1,"location":null,"numPassingAsserts":2,"retryReasons":[],"startAt":1765655679363,"status":"passed","title":"splits large ranges via isBlockLimitExceeded"},{"ancestorTitles":["Reader.readEventsRange behavior"],"duration":26,"failing":false,"failureDetails":[],"failureMessages":[],"fullName":"Reader.readEventsRange behavior handles getPastEvents rejection and decrements runningJobs","invocations":1,"location":null,"numPassingAsserts":2,"retryReasons":[],"startAt":1765655679368,"status":"passed","title":"handles getPastEvents rejection and decrements runningJobs"}],"endTime":1765655679395,"message":"","name":"/Users/markus/Projects/IntelliJ/ethereum-event-scan/src/app/services/reader.readEventsRange.spec.ts","startTime":1765655679063,"status":"passed","summary":""},{"assertionResults":[{"ancestorTitles":["Class: UtilsService","convertTimestamp()"],"duration":1,"failing":false,"failureDetails":[],"failureMessages":[],"fullName":"Class: UtilsService convertTimestamp() get expected 03.11.2019 21:45:41h for 1572813941","invocations":1,"location":null,"numPassingAsserts":1,"retryReasons":[],"startAt":1765655679548,"status":"passed","title":"get expected 03.11.2019 21:45:41h for 1572813941"},{"ancestorTitles":["Class: UtilsService","convertTimestamp()"],"duration":1,"failing":false,"failureDetails":[],"failureMessages":[],"fullName":"Class: UtilsService convertTimestamp() get expected 01.01.1970 01:00:00h for 0","invocations":1,"location":null,"numPassingAsserts":1,"retryReasons":[],"startAt":1765655679549,"status":"passed","title":"get expected 01.01.1970 01:00:00h for 0"},{"ancestorTitles":["Class: UtilsService","truncate()"],"duration":0,"failing":false,"failureDetails":[],"failureMessages":[],"fullName":"Class: UtilsService truncate() get no truncate for (sting.length + 1)","invocations":1,"location":null,"numPassingAsserts":1,"retryReasons":[],"startAt":1765655679550,"status":"passed","title":"get no truncate for (sting.length + 1)"},{"ancestorTitles":["Class: UtilsService","truncate()"],"duration":1,"failing":false,"failureDetails":[],"failureMessages":[],"fullName":"Class: UtilsService truncate() get truncated sting for (string.length)","invocations":1,"location":null,"numPassingAsserts":1,"retryReasons":[],"startAt":1765655679550,"status":"passed","title":"get truncated sting for (string.length)"},{"ancestorTitles":["Class: UtilsService","truncate()"],"duration":0,"failing":false,"failureDetails":[],"failureMessages":[],"fullName":"Class: UtilsService truncate() get truncated sting for 5","invocations":1,"location":null,"numPassingAsserts":1,"retryReasons":[],"startAt":1765655679551,"status":"passed","title":"get truncated sting for 5"},{"ancestorTitles":["Class: UtilsService","truncate()"],"duration":1,"failing":false,"failureDetails":[],"failureMessages":[],"fullName":"Class: UtilsService truncate() get truncated sting for 1","invocations":1,"location":null,"numPassingAsserts":1,"retryReasons":[],"startAt":1765655679551,"status":"passed","title":"get truncated sting for 1"},{"ancestorTitles":["Class: UtilsService","truncate()"],"duration":0,"failing":false,"failureDetails":[],"failureMessages":[],"fullName":"Class: UtilsService truncate() get truncated sting for 0","invocations":1,"location":null,"numPassingAsserts":1,"retryReasons":[],"startAt":1765655679552,"status":"passed","title":"get truncated sting for 0"},{"ancestorTitles":["Class: UtilsService","spaces()"],"duration":1,"failing":false,"failureDetails":[],"failureMessages":[],"fullName":"Class: UtilsService spaces() nothing for empty sting","invocations":1,"location":null,"numPassingAsserts":1,"retryReasons":[],"startAt":1765655679552,"status":"passed","title":"nothing for empty sting"},{"ancestorTitles":["Class: UtilsService","spaces()"],"duration":0,"failing":false,"failureDetails":[],"failureMessages":[],"fullName":"Class: UtilsService spaces() one non braking space for sting with one space","invocations":1,"location":null,"numPassingAsserts":1,"retryReasons":[],"startAt":1765655679553,"status":"passed","title":"one non braking space for sting with one space"},{"ancestorTitles":["Class: UtilsService","spaces()"],"duration":1,"failing":false,"failureDetails":[],"failureMessages":[],"fullName":"Class: UtilsService spaces() two non braking spaces for sting with two spaces","invocations":1,"location":null,"numPassingAsserts":1,"retryReasons":[],"startAt":1765655679553,"status":"passed","title":"two non braking spaces for sting with two spaces"}],"endTime":1765655679554,"message":"","name":"/Users/markus/Projects/IntelliJ/ethereum-event-scan/src/app/services/utils.services.spec.ts","startTime":1765655679407,"status":"passed","summary":""},{"assertionResults":[{"ancestorTitles":["ProviderService"],"duration":1,"failing":false,"failureDetails":[],"failureMessages":[],"fullName":"ProviderService setProvider with http should initialize web3 and update status (stubbed)","invocations":1,"location":null,"numPassingAsserts":2,"retryReasons":[],"startAt":1765655679738,"status":"passed","title":"setProvider with http should initialize web3 and update status (stubbed)"},{"ancestorTitles":["ProviderService"],"duration":2,"failing":false,"failureDetails":[],"failureMessages":[],"fullName":"ProviderService setProvider with ws should initialize web3 via websocket (stubbed)","invocations":1,"location":null,"numPassingAsserts":1,"retryReasons":[],"startAt":1765655679739,"status":"passed","title":"setProvider with ws should initialize web3 via websocket (stubbed)"},{"ancestorTitles":["ProviderService"],"duration":1,"failing":false,"failureDetails":[],"failureMessages":[],"fullName":"ProviderService setProvider with invalid url should keep disconnected","invocations":1,"location":null,"numPassingAsserts":2,"retryReasons":[],"startAt":1765655679741,"status":"passed","title":"setProvider with invalid url should keep disconnected"},{"ancestorTitles":["ProviderService"],"duration":2,"failing":false,"failureDetails":[],"failureMessages":[],"fullName":"ProviderService isSyncing should handle sync object (async update)","invocations":1,"location":null,"numPassingAsserts":3,"retryReasons":[],"startAt":1765655679742,"status":"passed","title":"isSyncing should handle sync object (async update)"}],"endTime":1765655679745,"message":"","name":"/Users/markus/Projects/IntelliJ/ethereum-event-scan/src/app/services/provider.service.spec.ts","startTime":1765655679562,"status":"passed","summary":""},{"assertionResults":[{"ancestorTitles":["events-table.tb placeholder"],"duration":0,"failing":false,"failureDetails":[],"failureMessages":[],"fullName":"events-table.tb placeholder noop","invocations":1,"location":null,"numPassingAsserts":1,"retryReasons":[],"startAt":1765655679890,"status":"passed","title":"noop"}],"endTime":1765655679891,"message":"","name":"/Users/markus/Projects/IntelliJ/ethereum-event-scan/src/app/components/events-table/events-table.component.tb.spec.ts","startTime":1765655679752,"status":"passed","summary":""},{"assertionResults":[{"ancestorTitles":["Event model"],"duration":1,"failing":false,"failureDetails":[],"failureMessages":[],"fullName":"Event model should create and store an EthEvent","invocations":1,"location":null,"numPassingAsserts":2,"retryReasons":[],"startAt":1765655680032,"status":"passed","title":"should create and store an EthEvent"}],"endTime":1765655680033,"message":"","name":"/Users/markus/Projects/IntelliJ/ethereum-event-scan/src/app/models/event.spec.ts","startTime":1765655679898,"status":"passed","summary":""}],"wasInterrupted":false}
